This file contains any messages produced by compilers while
running configure, to aid debugging if configure makes a mistake.

It was created by pkg_install configure 20200701, which was
generated by GNU Autoconf 2.69.  Invocation command line was

  $ ./configure --host=i686-pc-serenity LIBS=-lnbcompat --enable-bootstrap

## --------- ##
## Platform. ##
## --------- ##

hostname = Dans-MacBook-Pro-4.local
uname -m = x86_64
uname -r = 20.5.0
uname -s = Darwin
uname -v = Darwin Kernel Version 20.5.0: Sat May  8 05:10:33 PDT 2021; root:xnu-7195.121.3~9/RELEASE_X86_64

/usr/bin/uname -p = i386
/bin/uname -X     = unknown

/bin/arch              = unknown
/usr/bin/arch -k       = unknown
/usr/convex/getsysinfo = unknown
/usr/bin/hostinfo      = Mach kernel version:
	 Darwin Kernel Version 20.5.0: Sat May  8 05:10:33 PDT 2021; root:xnu-7195.121.3~9/RELEASE_X86_64
Kernel configured for up to 4 processors.
2 processors are physically available.
4 processors are logically available.
Processor type: x86_64h (Intel x86-64h Haswell)
Processors active: 0 1 2 3
Primary memory available: 8.00 gigabytes
Default processor set: 436 tasks, 2393 threads, 4 processors
Load average: 2.63, Mach factor: 1.65
/bin/machine           = unknown
/usr/bin/oslevel       = unknown
/bin/universe          = unknown

PATH: /Users/dan/Projects/serenity/Build/i686/ccache
PATH: /Users/dan/Projects/serenity/Toolchain/Local/i686/bin
PATH: /opt/pkg/bin
PATH: /opt/pkg/sbin
PATH: /Users/dan/.nvm/versions/node/v14.17.0/bin
PATH: /usr/local/bin
PATH: /usr/bin
PATH: /bin
PATH: /usr/sbin
PATH: /sbin
PATH: /usr/local/MacGPG2/bin
PATH: /opt/X11/bin
PATH: /Library/Apple/usr/bin
PATH: /Library/Frameworks/Mono.framework/Versions/Current/Commands
PATH: /Applications/Wireshark.app/Contents/MacOS
PATH: /opt/pkg/bin
PATH: /opt/pkg/sbin
PATH: /Users/dan/.nvm/versions/node/v14.17.0/bin
PATH: /Users/dan/bin


## ----------- ##
## Core tests. ##
## ----------- ##

configure:2371: checking build system type
configure:2385: result: i386-apple-darwin20.5.0
configure:2405: checking host system type
configure:2418: result: i686-pc-serenity
configure:2443: checking whether make sets $(MAKE)
configure:2465: result: yes
configure:2482: checking for i686-pc-serenity-gcc
configure:2509: result: i686-pc-serenity-gcc
configure:2778: checking for C compiler version
configure:2787: i686-pc-serenity-gcc --version >&5
i686-pc-serenity-gcc (GCC) 11.1.0
Copyright (C) 2021 Free Software Foundation, Inc.
This is free software; see the source for copying conditions.  There is NO
warranty; not even for MERCHANTABILITY or FITNESS FOR A PARTICULAR PURPOSE.

configure:2798: $? = 0
configure:2787: i686-pc-serenity-gcc -v >&5
Using built-in specs.
COLLECT_GCC=/Users/dan/Projects/serenity/Toolchain/Local/i686/bin/i686-pc-serenity-gcc
COLLECT_LTO_WRAPPER=/Users/dan/Projects/serenity/Toolchain/Local/i686/libexec/gcc/i686-pc-serenity/11.1.0/lto-wrapper
Target: i686-pc-serenity
Configured with: /Users/dan/Projects/serenity/Toolchain/Tarballs/gcc-11.1.0/configure --prefix=/Users/dan/Projects/serenity/Toolchain/Local/i686 --target=i686-pc-serenity --with-sysroot=/Users/dan/Projects/serenity/Toolchain/../Build/i686/Root --disable-nls --with-newlib --enable-shared --enable-languages=c,c++ --enable-default-pie --enable-lto --enable-threads=posix
Thread model: posix
Supported LTO compression algorithms: zlib zstd
gcc version 11.1.0 (GCC) 
configure:2798: $? = 0
configure:2787: i686-pc-serenity-gcc -V >&5
i686-pc-serenity-gcc: error: unrecognized command-line option '-V'
i686-pc-serenity-gcc: fatal error: no input files
compilation terminated.
configure:2798: $? = 1
configure:2787: i686-pc-serenity-gcc -qversion >&5
i686-pc-serenity-gcc: error: unrecognized command-line option '-qversion'; did you mean '--version'?
i686-pc-serenity-gcc: fatal error: no input files
compilation terminated.
configure:2798: $? = 1
configure:2818: checking whether the C compiler works
configure:2840: i686-pc-serenity-gcc    conftest.c -lnbcompat >&5
configure:2844: $? = 0
configure:2892: result: yes
configure:2895: checking for C compiler default output file name
configure:2897: result: a.out
configure:2903: checking for suffix of executables
configure:2910: i686-pc-serenity-gcc -o conftest    conftest.c -lnbcompat >&5
configure:2914: $? = 0
configure:2936: result: 
configure:2958: checking whether we are cross compiling
configure:2966: i686-pc-serenity-gcc -o conftest    conftest.c -lnbcompat >&5
configure:2970: $? = 0
configure:2977: ./conftest
./configure: line 2979: ./conftest: cannot execute binary file
configure:2981: $? = 126
configure:2996: result: yes
configure:3001: checking for suffix of object files
configure:3023: i686-pc-serenity-gcc -c   conftest.c >&5
configure:3027: $? = 0
configure:3048: result: o
configure:3052: checking whether we are using the GNU C compiler
configure:3071: i686-pc-serenity-gcc -c   conftest.c >&5
configure:3071: $? = 0
configure:3080: result: yes
configure:3089: checking whether i686-pc-serenity-gcc accepts -g
configure:3109: i686-pc-serenity-gcc -c -g  conftest.c >&5
configure:3109: $? = 0
configure:3150: result: yes
configure:3167: checking for i686-pc-serenity-gcc option to accept ISO C89
configure:3230: i686-pc-serenity-gcc  -c -g -O2  conftest.c >&5
configure:3230: $? = 0
configure:3243: result: none needed
configure:3277: checking for a BSD-compatible install
configure:3345: result: /opt/pkg/bin/ginstall -c
configure:3356: checking whether ln -s works
configure:3360: result: yes
configure:3370: checking for i686-pc-serenity-ranlib
configure:3397: result: i686-pc-serenity-ranlib
configure:3461: checking for ar
configure:3488: result: i686-pc-serenity-ar
configure:3499: checking for chmod
configure:3517: found /bin/chmod
configure:3529: result: /bin/chmod
configure:3539: checking for cmp
configure:3557: found /usr/bin/cmp
configure:3569: result: /usr/bin/cmp
configure:3579: checking for cp
configure:3597: found /bin/cp
configure:3609: result: /bin/cp
configure:3619: checking for env
configure:3637: found /usr/bin/env
configure:3649: result: /usr/bin/env
configure:3659: checking for find
configure:3677: found /usr/bin/find
configure:3689: result: /usr/bin/find
configure:3699: checking for grep
configure:3717: found /usr/bin/grep
configure:3729: result: /usr/bin/grep
configure:3739: checking for ln
configure:3757: found /bin/ln
configure:3769: result: /bin/ln
configure:3779: checking for mkdir
configure:3797: found /bin/mkdir
configure:3809: result: /bin/mkdir
configure:3819: checking for rmdir
configure:3837: found /bin/rmdir
configure:3849: result: /bin/rmdir
configure:3859: checking for rm
configure:3877: found /bin/rm
configure:3889: result: /bin/rm
configure:3899: checking for sed
configure:3917: found /usr/bin/sed
configure:3929: result: /usr/bin/sed
configure:3939: checking for sort
configure:3957: found /usr/bin/sort
configure:3969: result: /usr/bin/sort
configure:3979: checking for touch
configure:3997: found /usr/bin/touch
configure:4009: result: /usr/bin/touch
configure:4061: checking for special C compiler options needed for large files
configure:4106: result: no
configure:4112: checking for _FILE_OFFSET_BITS value needed for large files
configure:4137: i686-pc-serenity-gcc -c -g -O2  conftest.c >&5
configure:4137: $? = 0
configure:4169: result: no
configure:4255: checking for __db185_open in -ldb
configure:4289: result: no
configure:4299: checking for library containing dbopen
configure:4376: i686-pc-serenity-gcc -o conftest -g -O2   conftest.c -lnbcompat >&5
configure:4376: $? = 0
configure:4393: result: none required
configure:4409: checking how to run the C preprocessor
configure:4440: i686-pc-serenity-gcc -E  conftest.c
configure:4440: $? = 0
configure:4454: i686-pc-serenity-gcc -E  conftest.c
conftest.c:9:10: fatal error: ac_nonexistent.h: No such file or directory
    9 | #include <ac_nonexistent.h>
      |          ^~~~~~~~~~~~~~~~~~
compilation terminated.
configure:4454: $? = 1
configure: failed program was:
| /* confdefs.h */
| #define PACKAGE_NAME "pkg_install"
| #define PACKAGE_TARNAME "pkg_install"
| #define PACKAGE_VERSION "20200701"
| #define PACKAGE_STRING "pkg_install 20200701"
| #define PACKAGE_BUGREPORT "joerg@NetBSD.org"
| #define PACKAGE_URL ""
| /* end confdefs.h.  */
| #include <ac_nonexistent.h>
configure:4479: result: i686-pc-serenity-gcc -E
configure:4499: i686-pc-serenity-gcc -E  conftest.c
configure:4499: $? = 0
configure:4513: i686-pc-serenity-gcc -E  conftest.c
conftest.c:9:10: fatal error: ac_nonexistent.h: No such file or directory
    9 | #include <ac_nonexistent.h>
      |          ^~~~~~~~~~~~~~~~~~
compilation terminated.
configure:4513: $? = 1
configure: failed program was:
| /* confdefs.h */
| #define PACKAGE_NAME "pkg_install"
| #define PACKAGE_TARNAME "pkg_install"
| #define PACKAGE_VERSION "20200701"
| #define PACKAGE_STRING "pkg_install 20200701"
| #define PACKAGE_BUGREPORT "joerg@NetBSD.org"
| #define PACKAGE_URL ""
| /* end confdefs.h.  */
| #include <ac_nonexistent.h>
configure:4542: checking for grep that handles long lines and -e
configure:4600: result: /usr/bin/grep
configure:4605: checking for egrep
configure:4667: result: /usr/bin/grep -E
configure:4672: checking for ANSI C header files
configure:4692: i686-pc-serenity-gcc -c -g -O2  conftest.c >&5
configure:4692: $? = 0
configure:4776: result: yes
configure:4789: checking for sys/types.h
configure:4789: i686-pc-serenity-gcc -c -g -O2  conftest.c >&5
configure:4789: $? = 0
configure:4789: result: yes
configure:4789: checking for sys/stat.h
configure:4789: i686-pc-serenity-gcc -c -g -O2  conftest.c >&5
configure:4789: $? = 0
configure:4789: result: yes
configure:4789: checking for stdlib.h
configure:4789: i686-pc-serenity-gcc -c -g -O2  conftest.c >&5
configure:4789: $? = 0
configure:4789: result: yes
configure:4789: checking for string.h
configure:4789: i686-pc-serenity-gcc -c -g -O2  conftest.c >&5
configure:4789: $? = 0
configure:4789: result: yes
configure:4789: checking for memory.h
configure:4789: i686-pc-serenity-gcc -c -g -O2  conftest.c >&5
configure:4789: $? = 0
configure:4789: result: yes
configure:4789: checking for strings.h
configure:4789: i686-pc-serenity-gcc -c -g -O2  conftest.c >&5
configure:4789: $? = 0
configure:4789: result: yes
configure:4789: checking for inttypes.h
configure:4789: i686-pc-serenity-gcc -c -g -O2  conftest.c >&5
configure:4789: $? = 0
configure:4789: result: yes
configure:4789: checking for stdint.h
configure:4789: i686-pc-serenity-gcc -c -g -O2  conftest.c >&5
configure:4789: $? = 0
configure:4789: result: yes
configure:4789: checking for unistd.h
configure:4789: i686-pc-serenity-gcc -c -g -O2  conftest.c >&5
configure:4789: $? = 0
configure:4789: result: yes
configure:4806: checking assert.h usability
configure:4806: i686-pc-serenity-gcc -c -g -O2  conftest.c >&5
configure:4806: $? = 0
configure:4806: result: yes
configure:4806: checking assert.h presence
configure:4806: i686-pc-serenity-gcc -E  conftest.c
configure:4806: $? = 0
configure:4806: result: yes
configure:4806: checking for assert.h
configure:4806: result: yes
configure:4806: checking ctype.h usability
configure:4806: i686-pc-serenity-gcc -c -g -O2  conftest.c >&5
configure:4806: $? = 0
configure:4806: result: yes
configure:4806: checking ctype.h presence
configure:4806: i686-pc-serenity-gcc -E  conftest.c
configure:4806: $? = 0
configure:4806: result: yes
configure:4806: checking for ctype.h
configure:4806: result: yes
configure:4806: checking dirent.h usability
configure:4806: i686-pc-serenity-gcc -c -g -O2  conftest.c >&5
configure:4806: $? = 0
configure:4806: result: yes
configure:4806: checking dirent.h presence
configure:4806: i686-pc-serenity-gcc -E  conftest.c
configure:4806: $? = 0
configure:4806: result: yes
configure:4806: checking for dirent.h
configure:4806: result: yes
configure:4806: checking err.h usability
configure:4806: i686-pc-serenity-gcc -c -g -O2  conftest.c >&5
conftest.c:55:10: fatal error: err.h: No such file or directory
   55 | #include <err.h>
      |          ^~~~~~~
compilation terminated.
configure:4806: $? = 1
configure: failed program was:
| /* confdefs.h */
| #define PACKAGE_NAME "pkg_install"
| #define PACKAGE_TARNAME "pkg_install"
| #define PACKAGE_VERSION "20200701"
| #define PACKAGE_STRING "pkg_install 20200701"
| #define PACKAGE_BUGREPORT "joerg@NetBSD.org"
| #define PACKAGE_URL ""
| #define STDC_HEADERS 1
| #define HAVE_SYS_TYPES_H 1
| #define HAVE_SYS_STAT_H 1
| #define HAVE_STDLIB_H 1
| #define HAVE_STRING_H 1
| #define HAVE_MEMORY_H 1
| #define HAVE_STRINGS_H 1
| #define HAVE_INTTYPES_H 1
| #define HAVE_STDINT_H 1
| #define HAVE_UNISTD_H 1
| #define HAVE_ASSERT_H 1
| #define HAVE_CTYPE_H 1
| #define HAVE_DIRENT_H 1
| /* end confdefs.h.  */
| #include <stdio.h>
| #ifdef HAVE_SYS_TYPES_H
| # include <sys/types.h>
| #endif
| #ifdef HAVE_SYS_STAT_H
| # include <sys/stat.h>
| #endif
| #ifdef STDC_HEADERS
| # include <stdlib.h>
| # include <stddef.h>
| #else
| # ifdef HAVE_STDLIB_H
| #  include <stdlib.h>
| # endif
| #endif
| #ifdef HAVE_STRING_H
| # if !defined STDC_HEADERS && defined HAVE_MEMORY_H
| #  include <memory.h>
| # endif
| # include <string.h>
| #endif
| #ifdef HAVE_STRINGS_H
| # include <strings.h>
| #endif
| #ifdef HAVE_INTTYPES_H
| # include <inttypes.h>
| #endif
| #ifdef HAVE_STDINT_H
| # include <stdint.h>
| #endif
| #ifdef HAVE_UNISTD_H
| # include <unistd.h>
| #endif
| #include <err.h>
configure:4806: result: no
configure:4806: checking err.h presence
configure:4806: i686-pc-serenity-gcc -E  conftest.c
conftest.c:22:10: fatal error: err.h: No such file or directory
   22 | #include <err.h>
      |          ^~~~~~~
compilation terminated.
configure:4806: $? = 1
configure: failed program was:
| /* confdefs.h */
| #define PACKAGE_NAME "pkg_install"
| #define PACKAGE_TARNAME "pkg_install"
| #define PACKAGE_VERSION "20200701"
| #define PACKAGE_STRING "pkg_install 20200701"
| #define PACKAGE_BUGREPORT "joerg@NetBSD.org"
| #define PACKAGE_URL ""
| #define STDC_HEADERS 1
| #define HAVE_SYS_TYPES_H 1
| #define HAVE_SYS_STAT_H 1
| #define HAVE_STDLIB_H 1
| #define HAVE_STRING_H 1
| #define HAVE_MEMORY_H 1
| #define HAVE_STRINGS_H 1
| #define HAVE_INTTYPES_H 1
| #define HAVE_STDINT_H 1
| #define HAVE_UNISTD_H 1
| #define HAVE_ASSERT_H 1
| #define HAVE_CTYPE_H 1
| #define HAVE_DIRENT_H 1
| /* end confdefs.h.  */
| #include <err.h>
configure:4806: result: no
configure:4806: checking for err.h
configure:4806: result: no
configure:4806: checking errno.h usability
configure:4806: i686-pc-serenity-gcc -c -g -O2  conftest.c >&5
configure:4806: $? = 0
configure:4806: result: yes
configure:4806: checking errno.h presence
configure:4806: i686-pc-serenity-gcc -E  conftest.c
configure:4806: $? = 0
configure:4806: result: yes
configure:4806: checking for errno.h
configure:4806: result: yes
configure:4806: checking fcntl.h usability
configure:4806: i686-pc-serenity-gcc -c -g -O2  conftest.c >&5
configure:4806: $? = 0
configure:4806: result: yes
configure:4806: checking fcntl.h presence
configure:4806: i686-pc-serenity-gcc -E  conftest.c
configure:4806: $? = 0
configure:4806: result: yes
configure:4806: checking for fcntl.h
configure:4806: result: yes
configure:4806: checking fnmatch.h usability
configure:4806: i686-pc-serenity-gcc -c -g -O2  conftest.c >&5
conftest.c:57:10: fatal error: fnmatch.h: No such file or directory
   57 | #include <fnmatch.h>
      |          ^~~~~~~~~~~
compilation terminated.
configure:4806: $? = 1
configure: failed program was:
| /* confdefs.h */
| #define PACKAGE_NAME "pkg_install"
| #define PACKAGE_TARNAME "pkg_install"
| #define PACKAGE_VERSION "20200701"
| #define PACKAGE_STRING "pkg_install 20200701"
| #define PACKAGE_BUGREPORT "joerg@NetBSD.org"
| #define PACKAGE_URL ""
| #define STDC_HEADERS 1
| #define HAVE_SYS_TYPES_H 1
| #define HAVE_SYS_STAT_H 1
| #define HAVE_STDLIB_H 1
| #define HAVE_STRING_H 1
| #define HAVE_MEMORY_H 1
| #define HAVE_STRINGS_H 1
| #define HAVE_INTTYPES_H 1
| #define HAVE_STDINT_H 1
| #define HAVE_UNISTD_H 1
| #define HAVE_ASSERT_H 1
| #define HAVE_CTYPE_H 1
| #define HAVE_DIRENT_H 1
| #define HAVE_ERRNO_H 1
| #define HAVE_FCNTL_H 1
| /* end confdefs.h.  */
| #include <stdio.h>
| #ifdef HAVE_SYS_TYPES_H
| # include <sys/types.h>
| #endif
| #ifdef HAVE_SYS_STAT_H
| # include <sys/stat.h>
| #endif
| #ifdef STDC_HEADERS
| # include <stdlib.h>
| # include <stddef.h>
| #else
| # ifdef HAVE_STDLIB_H
| #  include <stdlib.h>
| # endif
| #endif
| #ifdef HAVE_STRING_H
| # if !defined STDC_HEADERS && defined HAVE_MEMORY_H
| #  include <memory.h>
| # endif
| # include <string.h>
| #endif
| #ifdef HAVE_STRINGS_H
| # include <strings.h>
| #endif
| #ifdef HAVE_INTTYPES_H
| # include <inttypes.h>
| #endif
| #ifdef HAVE_STDINT_H
| # include <stdint.h>
| #endif
| #ifdef HAVE_UNISTD_H
| # include <unistd.h>
| #endif
| #include <fnmatch.h>
configure:4806: result: no
configure:4806: checking fnmatch.h presence
configure:4806: i686-pc-serenity-gcc -E  conftest.c
conftest.c:24:10: fatal error: fnmatch.h: No such file or directory
   24 | #include <fnmatch.h>
      |          ^~~~~~~~~~~
compilation terminated.
configure:4806: $? = 1
configure: failed program was:
| /* confdefs.h */
| #define PACKAGE_NAME "pkg_install"
| #define PACKAGE_TARNAME "pkg_install"
| #define PACKAGE_VERSION "20200701"
| #define PACKAGE_STRING "pkg_install 20200701"
| #define PACKAGE_BUGREPORT "joerg@NetBSD.org"
| #define PACKAGE_URL ""
| #define STDC_HEADERS 1
| #define HAVE_SYS_TYPES_H 1
| #define HAVE_SYS_STAT_H 1
| #define HAVE_STDLIB_H 1
| #define HAVE_STRING_H 1
| #define HAVE_MEMORY_H 1
| #define HAVE_STRINGS_H 1
| #define HAVE_INTTYPES_H 1
| #define HAVE_STDINT_H 1
| #define HAVE_UNISTD_H 1
| #define HAVE_ASSERT_H 1
| #define HAVE_CTYPE_H 1
| #define HAVE_DIRENT_H 1
| #define HAVE_ERRNO_H 1
| #define HAVE_FCNTL_H 1
| /* end confdefs.h.  */
| #include <fnmatch.h>
configure:4806: result: no
configure:4806: checking for fnmatch.h
configure:4806: result: no
configure:4806: checking glob.h usability
configure:4806: i686-pc-serenity-gcc -c -g -O2  conftest.c >&5
conftest.c:57:10: fatal error: glob.h: No such file or directory
   57 | #include <glob.h>
      |          ^~~~~~~~
compilation terminated.
configure:4806: $? = 1
configure: failed program was:
| /* confdefs.h */
| #define PACKAGE_NAME "pkg_install"
| #define PACKAGE_TARNAME "pkg_install"
| #define PACKAGE_VERSION "20200701"
| #define PACKAGE_STRING "pkg_install 20200701"
| #define PACKAGE_BUGREPORT "joerg@NetBSD.org"
| #define PACKAGE_URL ""
| #define STDC_HEADERS 1
| #define HAVE_SYS_TYPES_H 1
| #define HAVE_SYS_STAT_H 1
| #define HAVE_STDLIB_H 1
| #define HAVE_STRING_H 1
| #define HAVE_MEMORY_H 1
| #define HAVE_STRINGS_H 1
| #define HAVE_INTTYPES_H 1
| #define HAVE_STDINT_H 1
| #define HAVE_UNISTD_H 1
| #define HAVE_ASSERT_H 1
| #define HAVE_CTYPE_H 1
| #define HAVE_DIRENT_H 1
| #define HAVE_ERRNO_H 1
| #define HAVE_FCNTL_H 1
| /* end confdefs.h.  */
| #include <stdio.h>
| #ifdef HAVE_SYS_TYPES_H
| # include <sys/types.h>
| #endif
| #ifdef HAVE_SYS_STAT_H
| # include <sys/stat.h>
| #endif
| #ifdef STDC_HEADERS
| # include <stdlib.h>
| # include <stddef.h>
| #else
| # ifdef HAVE_STDLIB_H
| #  include <stdlib.h>
| # endif
| #endif
| #ifdef HAVE_STRING_H
| # if !defined STDC_HEADERS && defined HAVE_MEMORY_H
| #  include <memory.h>
| # endif
| # include <string.h>
| #endif
| #ifdef HAVE_STRINGS_H
| # include <strings.h>
| #endif
| #ifdef HAVE_INTTYPES_H
| # include <inttypes.h>
| #endif
| #ifdef HAVE_STDINT_H
| # include <stdint.h>
| #endif
| #ifdef HAVE_UNISTD_H
| # include <unistd.h>
| #endif
| #include <glob.h>
configure:4806: result: no
configure:4806: checking glob.h presence
configure:4806: i686-pc-serenity-gcc -E  conftest.c
conftest.c:24:10: fatal error: glob.h: No such file or directory
   24 | #include <glob.h>
      |          ^~~~~~~~
compilation terminated.
configure:4806: $? = 1
configure: failed program was:
| /* confdefs.h */
| #define PACKAGE_NAME "pkg_install"
| #define PACKAGE_TARNAME "pkg_install"
| #define PACKAGE_VERSION "20200701"
| #define PACKAGE_STRING "pkg_install 20200701"
| #define PACKAGE_BUGREPORT "joerg@NetBSD.org"
| #define PACKAGE_URL ""
| #define STDC_HEADERS 1
| #define HAVE_SYS_TYPES_H 1
| #define HAVE_SYS_STAT_H 1
| #define HAVE_STDLIB_H 1
| #define HAVE_STRING_H 1
| #define HAVE_MEMORY_H 1
| #define HAVE_STRINGS_H 1
| #define HAVE_INTTYPES_H 1
| #define HAVE_STDINT_H 1
| #define HAVE_UNISTD_H 1
| #define HAVE_ASSERT_H 1
| #define HAVE_CTYPE_H 1
| #define HAVE_DIRENT_H 1
| #define HAVE_ERRNO_H 1
| #define HAVE_FCNTL_H 1
| /* end confdefs.h.  */
| #include <glob.h>
configure:4806: result: no
configure:4806: checking for glob.h
configure:4806: result: no
configure:4806: checking grp.h usability
configure:4806: i686-pc-serenity-gcc -c -g -O2  conftest.c >&5
configure:4806: $? = 0
configure:4806: result: yes
configure:4806: checking grp.h presence
configure:4806: i686-pc-serenity-gcc -E  conftest.c
configure:4806: $? = 0
configure:4806: result: yes
configure:4806: checking for grp.h
configure:4806: result: yes
configure:4806: checking for inttypes.h
configure:4806: result: yes
configure:4806: checking limits.h usability
configure:4806: i686-pc-serenity-gcc -c -g -O2  conftest.c >&5
configure:4806: $? = 0
configure:4806: result: yes
configure:4806: checking limits.h presence
configure:4806: i686-pc-serenity-gcc -E  conftest.c
configure:4806: $? = 0
configure:4806: result: yes
configure:4806: checking for limits.h
configure:4806: result: yes
configure:4806: checking pwd.h usability
configure:4806: i686-pc-serenity-gcc -c -g -O2  conftest.c >&5
configure:4806: $? = 0
configure:4806: result: yes
configure:4806: checking pwd.h presence
configure:4806: i686-pc-serenity-gcc -E  conftest.c
configure:4806: $? = 0
configure:4806: result: yes
configure:4806: checking for pwd.h
configure:4806: result: yes
configure:4806: checking signal.h usability
configure:4806: i686-pc-serenity-gcc -c -g -O2  conftest.c >&5
configure:4806: $? = 0
configure:4806: result: yes
configure:4806: checking signal.h presence
configure:4806: i686-pc-serenity-gcc -E  conftest.c
configure:4806: $? = 0
configure:4806: result: yes
configure:4806: checking for signal.h
configure:4806: result: yes
configure:4806: checking stdarg.h usability
configure:4806: i686-pc-serenity-gcc -c -g -O2  conftest.c >&5
configure:4806: $? = 0
configure:4806: result: yes
configure:4806: checking stdarg.h presence
configure:4806: i686-pc-serenity-gcc -E  conftest.c
configure:4806: $? = 0
configure:4806: result: yes
configure:4806: checking for stdarg.h
configure:4806: result: yes
configure:4806: checking stdio.h usability
configure:4806: i686-pc-serenity-gcc -c -g -O2  conftest.c >&5
configure:4806: $? = 0
configure:4806: result: yes
configure:4806: checking stdio.h presence
configure:4806: i686-pc-serenity-gcc -E  conftest.c
configure:4806: $? = 0
configure:4806: result: yes
configure:4806: checking for stdio.h
configure:4806: result: yes
configure:4806: checking for stdlib.h
configure:4806: result: yes
configure:4806: checking for string.h
configure:4806: result: yes
configure:4806: checking time.h usability
configure:4806: i686-pc-serenity-gcc -c -g -O2  conftest.c >&5
configure:4806: $? = 0
configure:4806: result: yes
configure:4806: checking time.h presence
configure:4806: i686-pc-serenity-gcc -E  conftest.c
configure:4806: $? = 0
configure:4806: result: yes
configure:4806: checking for time.h
configure:4806: result: yes
configure:4806: checking for unistd.h
configure:4806: result: yes
configure:4806: checking vis.h usability
configure:4806: i686-pc-serenity-gcc -c -g -O2  conftest.c >&5
conftest.c:68:10: fatal error: vis.h: No such file or directory
   68 | #include <vis.h>
      |          ^~~~~~~
compilation terminated.
configure:4806: $? = 1
configure: failed program was:
| /* confdefs.h */
| #define PACKAGE_NAME "pkg_install"
| #define PACKAGE_TARNAME "pkg_install"
| #define PACKAGE_VERSION "20200701"
| #define PACKAGE_STRING "pkg_install 20200701"
| #define PACKAGE_BUGREPORT "joerg@NetBSD.org"
| #define PACKAGE_URL ""
| #define STDC_HEADERS 1
| #define HAVE_SYS_TYPES_H 1
| #define HAVE_SYS_STAT_H 1
| #define HAVE_STDLIB_H 1
| #define HAVE_STRING_H 1
| #define HAVE_MEMORY_H 1
| #define HAVE_STRINGS_H 1
| #define HAVE_INTTYPES_H 1
| #define HAVE_STDINT_H 1
| #define HAVE_UNISTD_H 1
| #define HAVE_ASSERT_H 1
| #define HAVE_CTYPE_H 1
| #define HAVE_DIRENT_H 1
| #define HAVE_ERRNO_H 1
| #define HAVE_FCNTL_H 1
| #define HAVE_GRP_H 1
| #define HAVE_INTTYPES_H 1
| #define HAVE_LIMITS_H 1
| #define HAVE_PWD_H 1
| #define HAVE_SIGNAL_H 1
| #define HAVE_STDARG_H 1
| #define HAVE_STDIO_H 1
| #define HAVE_STDLIB_H 1
| #define HAVE_STRING_H 1
| #define HAVE_TIME_H 1
| #define HAVE_UNISTD_H 1
| /* end confdefs.h.  */
| #include <stdio.h>
| #ifdef HAVE_SYS_TYPES_H
| # include <sys/types.h>
| #endif
| #ifdef HAVE_SYS_STAT_H
| # include <sys/stat.h>
| #endif
| #ifdef STDC_HEADERS
| # include <stdlib.h>
| # include <stddef.h>
| #else
| # ifdef HAVE_STDLIB_H
| #  include <stdlib.h>
| # endif
| #endif
| #ifdef HAVE_STRING_H
| # if !defined STDC_HEADERS && defined HAVE_MEMORY_H
| #  include <memory.h>
| # endif
| # include <string.h>
| #endif
| #ifdef HAVE_STRINGS_H
| # include <strings.h>
| #endif
| #ifdef HAVE_INTTYPES_H
| # include <inttypes.h>
| #endif
| #ifdef HAVE_STDINT_H
| # include <stdint.h>
| #endif
| #ifdef HAVE_UNISTD_H
| # include <unistd.h>
| #endif
| #include <vis.h>
configure:4806: result: no
configure:4806: checking vis.h presence
configure:4806: i686-pc-serenity-gcc -E  conftest.c
conftest.c:35:10: fatal error: vis.h: No such file or directory
   35 | #include <vis.h>
      |          ^~~~~~~
compilation terminated.
configure:4806: $? = 1
configure: failed program was:
| /* confdefs.h */
| #define PACKAGE_NAME "pkg_install"
| #define PACKAGE_TARNAME "pkg_install"
| #define PACKAGE_VERSION "20200701"
| #define PACKAGE_STRING "pkg_install 20200701"
| #define PACKAGE_BUGREPORT "joerg@NetBSD.org"
| #define PACKAGE_URL ""
| #define STDC_HEADERS 1
| #define HAVE_SYS_TYPES_H 1
| #define HAVE_SYS_STAT_H 1
| #define HAVE_STDLIB_H 1
| #define HAVE_STRING_H 1
| #define HAVE_MEMORY_H 1
| #define HAVE_STRINGS_H 1
| #define HAVE_INTTYPES_H 1
| #define HAVE_STDINT_H 1
| #define HAVE_UNISTD_H 1
| #define HAVE_ASSERT_H 1
| #define HAVE_CTYPE_H 1
| #define HAVE_DIRENT_H 1
| #define HAVE_ERRNO_H 1
| #define HAVE_FCNTL_H 1
| #define HAVE_GRP_H 1
| #define HAVE_INTTYPES_H 1
| #define HAVE_LIMITS_H 1
| #define HAVE_PWD_H 1
| #define HAVE_SIGNAL_H 1
| #define HAVE_STDARG_H 1
| #define HAVE_STDIO_H 1
| #define HAVE_STDLIB_H 1
| #define HAVE_STRING_H 1
| #define HAVE_TIME_H 1
| #define HAVE_UNISTD_H 1
| /* end confdefs.h.  */
| #include <vis.h>
configure:4806: result: no
configure:4806: checking for vis.h
configure:4806: result: no
configure:4820: checking sys/cdefs.h usability
configure:4820: i686-pc-serenity-gcc -c -g -O2  conftest.c >&5
configure:4820: $? = 0
configure:4820: result: yes
configure:4820: checking sys/cdefs.h presence
configure:4820: i686-pc-serenity-gcc -E  conftest.c
configure:4820: $? = 0
configure:4820: result: yes
configure:4820: checking for sys/cdefs.h
configure:4820: result: yes
configure:4820: checking sys/file.h usability
configure:4820: i686-pc-serenity-gcc -c -g -O2  conftest.c >&5
configure:4820: $? = 0
configure:4820: result: yes
configure:4820: checking sys/file.h presence
configure:4820: i686-pc-serenity-gcc -E  conftest.c
configure:4820: $? = 0
configure:4820: result: yes
configure:4820: checking for sys/file.h
configure:4820: result: yes
configure:4820: checking sys/ioctl.h usability
configure:4820: i686-pc-serenity-gcc -c -g -O2  conftest.c >&5
configure:4820: $? = 0
configure:4820: result: yes
configure:4820: checking sys/ioctl.h presence
configure:4820: i686-pc-serenity-gcc -E  conftest.c
configure:4820: $? = 0
configure:4820: result: yes
configure:4820: checking for sys/ioctl.h
configure:4820: result: yes
configure:4820: checking sys/queue.h usability
configure:4820: i686-pc-serenity-gcc -c -g -O2  conftest.c >&5
conftest.c:71:10: fatal error: sys/queue.h: No such file or directory
   71 | #include <sys/queue.h>
      |          ^~~~~~~~~~~~~
compilation terminated.
configure:4820: $? = 1
configure: failed program was:
| /* confdefs.h */
| #define PACKAGE_NAME "pkg_install"
| #define PACKAGE_TARNAME "pkg_install"
| #define PACKAGE_VERSION "20200701"
| #define PACKAGE_STRING "pkg_install 20200701"
| #define PACKAGE_BUGREPORT "joerg@NetBSD.org"
| #define PACKAGE_URL ""
| #define STDC_HEADERS 1
| #define HAVE_SYS_TYPES_H 1
| #define HAVE_SYS_STAT_H 1
| #define HAVE_STDLIB_H 1
| #define HAVE_STRING_H 1
| #define HAVE_MEMORY_H 1
| #define HAVE_STRINGS_H 1
| #define HAVE_INTTYPES_H 1
| #define HAVE_STDINT_H 1
| #define HAVE_UNISTD_H 1
| #define HAVE_ASSERT_H 1
| #define HAVE_CTYPE_H 1
| #define HAVE_DIRENT_H 1
| #define HAVE_ERRNO_H 1
| #define HAVE_FCNTL_H 1
| #define HAVE_GRP_H 1
| #define HAVE_INTTYPES_H 1
| #define HAVE_LIMITS_H 1
| #define HAVE_PWD_H 1
| #define HAVE_SIGNAL_H 1
| #define HAVE_STDARG_H 1
| #define HAVE_STDIO_H 1
| #define HAVE_STDLIB_H 1
| #define HAVE_STRING_H 1
| #define HAVE_TIME_H 1
| #define HAVE_UNISTD_H 1
| #define HAVE_SYS_CDEFS_H 1
| #define HAVE_SYS_FILE_H 1
| #define HAVE_SYS_IOCTL_H 1
| /* end confdefs.h.  */
| #include <stdio.h>
| #ifdef HAVE_SYS_TYPES_H
| # include <sys/types.h>
| #endif
| #ifdef HAVE_SYS_STAT_H
| # include <sys/stat.h>
| #endif
| #ifdef STDC_HEADERS
| # include <stdlib.h>
| # include <stddef.h>
| #else
| # ifdef HAVE_STDLIB_H
| #  include <stdlib.h>
| # endif
| #endif
| #ifdef HAVE_STRING_H
| # if !defined STDC_HEADERS && defined HAVE_MEMORY_H
| #  include <memory.h>
| # endif
| # include <string.h>
| #endif
| #ifdef HAVE_STRINGS_H
| # include <strings.h>
| #endif
| #ifdef HAVE_INTTYPES_H
| # include <inttypes.h>
| #endif
| #ifdef HAVE_STDINT_H
| # include <stdint.h>
| #endif
| #ifdef HAVE_UNISTD_H
| # include <unistd.h>
| #endif
| #include <sys/queue.h>
configure:4820: result: no
configure:4820: checking sys/queue.h presence
configure:4820: i686-pc-serenity-gcc -E  conftest.c
conftest.c:38:10: fatal error: sys/queue.h: No such file or directory
   38 | #include <sys/queue.h>
      |          ^~~~~~~~~~~~~
compilation terminated.
configure:4820: $? = 1
configure: failed program was:
| /* confdefs.h */
| #define PACKAGE_NAME "pkg_install"
| #define PACKAGE_TARNAME "pkg_install"
| #define PACKAGE_VERSION "20200701"
| #define PACKAGE_STRING "pkg_install 20200701"
| #define PACKAGE_BUGREPORT "joerg@NetBSD.org"
| #define PACKAGE_URL ""
| #define STDC_HEADERS 1
| #define HAVE_SYS_TYPES_H 1
| #define HAVE_SYS_STAT_H 1
| #define HAVE_STDLIB_H 1
| #define HAVE_STRING_H 1
| #define HAVE_MEMORY_H 1
| #define HAVE_STRINGS_H 1
| #define HAVE_INTTYPES_H 1
| #define HAVE_STDINT_H 1
| #define HAVE_UNISTD_H 1
| #define HAVE_ASSERT_H 1
| #define HAVE_CTYPE_H 1
| #define HAVE_DIRENT_H 1
| #define HAVE_ERRNO_H 1
| #define HAVE_FCNTL_H 1
| #define HAVE_GRP_H 1
| #define HAVE_INTTYPES_H 1
| #define HAVE_LIMITS_H 1
| #define HAVE_PWD_H 1
| #define HAVE_SIGNAL_H 1
| #define HAVE_STDARG_H 1
| #define HAVE_STDIO_H 1
| #define HAVE_STDLIB_H 1
| #define HAVE_STRING_H 1
| #define HAVE_TIME_H 1
| #define HAVE_UNISTD_H 1
| #define HAVE_SYS_CDEFS_H 1
| #define HAVE_SYS_FILE_H 1
| #define HAVE_SYS_IOCTL_H 1
| /* end confdefs.h.  */
| #include <sys/queue.h>
configure:4820: result: no
configure:4820: checking for sys/queue.h
configure:4820: result: no
configure:4820: checking for sys/stat.h
configure:4820: result: yes
configure:4820: checking sys/time.h usability
configure:4820: i686-pc-serenity-gcc -c -g -O2  conftest.c >&5
configure:4820: $? = 0
configure:4820: result: yes
configure:4820: checking sys/time.h presence
configure:4820: i686-pc-serenity-gcc -E  conftest.c
configure:4820: $? = 0
configure:4820: result: yes
configure:4820: checking for sys/time.h
configure:4820: result: yes
configure:4820: checking for sys/types.h
configure:4820: result: yes
configure:4820: checking sys/utsname.h usability
configure:4820: i686-pc-serenity-gcc -c -g -O2  conftest.c >&5
configure:4820: $? = 0
configure:4820: result: yes
configure:4820: checking sys/utsname.h presence
configure:4820: i686-pc-serenity-gcc -E  conftest.c
configure:4820: $? = 0
configure:4820: result: yes
configure:4820: checking for sys/utsname.h
configure:4820: result: yes
configure:4820: checking sys/wait.h usability
configure:4820: i686-pc-serenity-gcc -c -g -O2  conftest.c >&5
configure:4820: $? = 0
configure:4820: result: yes
configure:4820: checking sys/wait.h presence
configure:4820: i686-pc-serenity-gcc -E  conftest.c
configure:4820: $? = 0
configure:4820: result: yes
configure:4820: checking for sys/wait.h
configure:4820: result: yes
configure:4834: checking for vfork
configure:4834: i686-pc-serenity-gcc -o conftest -g -O2   conftest.c -lnbcompat >&5
configure:4834: $? = 0
configure:4834: result: yes
configure:4844: checking for library containing gethostbyname
configure:4875: i686-pc-serenity-gcc -o conftest -g -O2   conftest.c -lnbcompat >&5
configure:4875: $? = 0
configure:4892: result: none required
configure:4900: checking for library containing socket
configure:4931: i686-pc-serenity-gcc -o conftest -g -O2   conftest.c -lnbcompat >&5
configure:4931: $? = 0
configure:4948: result: none required
configure:4998: checking for uint8_t
configure:4998: i686-pc-serenity-gcc -c -g -O2  conftest.c >&5
configure:4998: $? = 0
configure:4998: result: yes
configure:5012: checking for uint16_t
configure:5012: i686-pc-serenity-gcc -c -g -O2  conftest.c >&5
configure:5012: $? = 0
configure:5012: result: yes
configure:5024: checking for uint32_t
configure:5024: i686-pc-serenity-gcc -c -g -O2  conftest.c >&5
configure:5024: $? = 0
configure:5024: result: yes
configure:5038: checking for uint64_t
configure:5038: i686-pc-serenity-gcc -c -g -O2  conftest.c >&5
configure:5038: $? = 0
configure:5038: result: yes
configure:5054: checking for a working PRIu64
configure:5065: result: unable to check when crosscompiling
configure:5132: checking size of int
configure:5137: i686-pc-serenity-gcc -c -g -O2  conftest.c >&5
configure:5137: $? = 0
configure:5137: i686-pc-serenity-gcc -c -g -O2  conftest.c >&5
conftest.c: In function 'main':
conftest.c:81:12: error: size of array 'test_array' is negative
   81 | static int test_array [1 - 2 * !(((long int) (sizeof (int))) <= 0)];
      |            ^~~~~~~~~~
configure:5137: $? = 1
configure: failed program was:
| /* confdefs.h */
| #define PACKAGE_NAME "pkg_install"
| #define PACKAGE_TARNAME "pkg_install"
| #define PACKAGE_VERSION "20200701"
| #define PACKAGE_STRING "pkg_install 20200701"
| #define PACKAGE_BUGREPORT "joerg@NetBSD.org"
| #define PACKAGE_URL ""
| #define STDC_HEADERS 1
| #define HAVE_SYS_TYPES_H 1
| #define HAVE_SYS_STAT_H 1
| #define HAVE_STDLIB_H 1
| #define HAVE_STRING_H 1
| #define HAVE_MEMORY_H 1
| #define HAVE_STRINGS_H 1
| #define HAVE_INTTYPES_H 1
| #define HAVE_STDINT_H 1
| #define HAVE_UNISTD_H 1
| #define HAVE_ASSERT_H 1
| #define HAVE_CTYPE_H 1
| #define HAVE_DIRENT_H 1
| #define HAVE_ERRNO_H 1
| #define HAVE_FCNTL_H 1
| #define HAVE_GRP_H 1
| #define HAVE_INTTYPES_H 1
| #define HAVE_LIMITS_H 1
| #define HAVE_PWD_H 1
| #define HAVE_SIGNAL_H 1
| #define HAVE_STDARG_H 1
| #define HAVE_STDIO_H 1
| #define HAVE_STDLIB_H 1
| #define HAVE_STRING_H 1
| #define HAVE_TIME_H 1
| #define HAVE_UNISTD_H 1
| #define HAVE_SYS_CDEFS_H 1
| #define HAVE_SYS_FILE_H 1
| #define HAVE_SYS_IOCTL_H 1
| #define HAVE_SYS_STAT_H 1
| #define HAVE_SYS_TIME_H 1
| #define HAVE_SYS_TYPES_H 1
| #define HAVE_SYS_UTSNAME_H 1
| #define HAVE_SYS_WAIT_H 1
| #define HAVE_VFORK 1
| #define NEED_PRI_MACRO 1
| /* end confdefs.h.  */
| #include <stdio.h>
| #ifdef HAVE_SYS_TYPES_H
| # include <sys/types.h>
| #endif
| #ifdef HAVE_SYS_STAT_H
| # include <sys/stat.h>
| #endif
| #ifdef STDC_HEADERS
| # include <stdlib.h>
| # include <stddef.h>
| #else
| # ifdef HAVE_STDLIB_H
| #  include <stdlib.h>
| # endif
| #endif
| #ifdef HAVE_STRING_H
| # if !defined STDC_HEADERS && defined HAVE_MEMORY_H
| #  include <memory.h>
| # endif
| # include <string.h>
| #endif
| #ifdef HAVE_STRINGS_H
| # include <strings.h>
| #endif
| #ifdef HAVE_INTTYPES_H
| # include <inttypes.h>
| #endif
| #ifdef HAVE_STDINT_H
| # include <stdint.h>
| #endif
| #ifdef HAVE_UNISTD_H
| # include <unistd.h>
| #endif
| int
| main ()
| {
| static int test_array [1 - 2 * !(((long int) (sizeof (int))) <= 0)];
| test_array [0] = 0;
| return test_array [0];
| 
|   ;
|   return 0;
| }
configure:5137: i686-pc-serenity-gcc -c -g -O2  conftest.c >&5
conftest.c: In function 'main':
conftest.c:81:12: error: size of array 'test_array' is negative
   81 | static int test_array [1 - 2 * !(((long int) (sizeof (int))) <= 1)];
      |            ^~~~~~~~~~
configure:5137: $? = 1
configure: failed program was:
| /* confdefs.h */
| #define PACKAGE_NAME "pkg_install"
| #define PACKAGE_TARNAME "pkg_install"
| #define PACKAGE_VERSION "20200701"
| #define PACKAGE_STRING "pkg_install 20200701"
| #define PACKAGE_BUGREPORT "joerg@NetBSD.org"
| #define PACKAGE_URL ""
| #define STDC_HEADERS 1
| #define HAVE_SYS_TYPES_H 1
| #define HAVE_SYS_STAT_H 1
| #define HAVE_STDLIB_H 1
| #define HAVE_STRING_H 1
| #define HAVE_MEMORY_H 1
| #define HAVE_STRINGS_H 1
| #define HAVE_INTTYPES_H 1
| #define HAVE_STDINT_H 1
| #define HAVE_UNISTD_H 1
| #define HAVE_ASSERT_H 1
| #define HAVE_CTYPE_H 1
| #define HAVE_DIRENT_H 1
| #define HAVE_ERRNO_H 1
| #define HAVE_FCNTL_H 1
| #define HAVE_GRP_H 1
| #define HAVE_INTTYPES_H 1
| #define HAVE_LIMITS_H 1
| #define HAVE_PWD_H 1
| #define HAVE_SIGNAL_H 1
| #define HAVE_STDARG_H 1
| #define HAVE_STDIO_H 1
| #define HAVE_STDLIB_H 1
| #define HAVE_STRING_H 1
| #define HAVE_TIME_H 1
| #define HAVE_UNISTD_H 1
| #define HAVE_SYS_CDEFS_H 1
| #define HAVE_SYS_FILE_H 1
| #define HAVE_SYS_IOCTL_H 1
| #define HAVE_SYS_STAT_H 1
| #define HAVE_SYS_TIME_H 1
| #define HAVE_SYS_TYPES_H 1
| #define HAVE_SYS_UTSNAME_H 1
| #define HAVE_SYS_WAIT_H 1
| #define HAVE_VFORK 1
| #define NEED_PRI_MACRO 1
| /* end confdefs.h.  */
| #include <stdio.h>
| #ifdef HAVE_SYS_TYPES_H
| # include <sys/types.h>
| #endif
| #ifdef HAVE_SYS_STAT_H
| # include <sys/stat.h>
| #endif
| #ifdef STDC_HEADERS
| # include <stdlib.h>
| # include <stddef.h>
| #else
| # ifdef HAVE_STDLIB_H
| #  include <stdlib.h>
| # endif
| #endif
| #ifdef HAVE_STRING_H
| # if !defined STDC_HEADERS && defined HAVE_MEMORY_H
| #  include <memory.h>
| # endif
| # include <string.h>
| #endif
| #ifdef HAVE_STRINGS_H
| # include <strings.h>
| #endif
| #ifdef HAVE_INTTYPES_H
| # include <inttypes.h>
| #endif
| #ifdef HAVE_STDINT_H
| # include <stdint.h>
| #endif
| #ifdef HAVE_UNISTD_H
| # include <unistd.h>
| #endif
| int
| main ()
| {
| static int test_array [1 - 2 * !(((long int) (sizeof (int))) <= 1)];
| test_array [0] = 0;
| return test_array [0];
| 
|   ;
|   return 0;
| }
configure:5137: i686-pc-serenity-gcc -c -g -O2  conftest.c >&5
conftest.c: In function 'main':
conftest.c:81:12: error: size of array 'test_array' is negative
   81 | static int test_array [1 - 2 * !(((long int) (sizeof (int))) <= 3)];
      |            ^~~~~~~~~~
configure:5137: $? = 1
configure: failed program was:
| /* confdefs.h */
| #define PACKAGE_NAME "pkg_install"
| #define PACKAGE_TARNAME "pkg_install"
| #define PACKAGE_VERSION "20200701"
| #define PACKAGE_STRING "pkg_install 20200701"
| #define PACKAGE_BUGREPORT "joerg@NetBSD.org"
| #define PACKAGE_URL ""
| #define STDC_HEADERS 1
| #define HAVE_SYS_TYPES_H 1
| #define HAVE_SYS_STAT_H 1
| #define HAVE_STDLIB_H 1
| #define HAVE_STRING_H 1
| #define HAVE_MEMORY_H 1
| #define HAVE_STRINGS_H 1
| #define HAVE_INTTYPES_H 1
| #define HAVE_STDINT_H 1
| #define HAVE_UNISTD_H 1
| #define HAVE_ASSERT_H 1
| #define HAVE_CTYPE_H 1
| #define HAVE_DIRENT_H 1
| #define HAVE_ERRNO_H 1
| #define HAVE_FCNTL_H 1
| #define HAVE_GRP_H 1
| #define HAVE_INTTYPES_H 1
| #define HAVE_LIMITS_H 1
| #define HAVE_PWD_H 1
| #define HAVE_SIGNAL_H 1
| #define HAVE_STDARG_H 1
| #define HAVE_STDIO_H 1
| #define HAVE_STDLIB_H 1
| #define HAVE_STRING_H 1
| #define HAVE_TIME_H 1
| #define HAVE_UNISTD_H 1
| #define HAVE_SYS_CDEFS_H 1
| #define HAVE_SYS_FILE_H 1
| #define HAVE_SYS_IOCTL_H 1
| #define HAVE_SYS_STAT_H 1
| #define HAVE_SYS_TIME_H 1
| #define HAVE_SYS_TYPES_H 1
| #define HAVE_SYS_UTSNAME_H 1
| #define HAVE_SYS_WAIT_H 1
| #define HAVE_VFORK 1
| #define NEED_PRI_MACRO 1
| /* end confdefs.h.  */
| #include <stdio.h>
| #ifdef HAVE_SYS_TYPES_H
| # include <sys/types.h>
| #endif
| #ifdef HAVE_SYS_STAT_H
| # include <sys/stat.h>
| #endif
| #ifdef STDC_HEADERS
| # include <stdlib.h>
| # include <stddef.h>
| #else
| # ifdef HAVE_STDLIB_H
| #  include <stdlib.h>
| # endif
| #endif
| #ifdef HAVE_STRING_H
| # if !defined STDC_HEADERS && defined HAVE_MEMORY_H
| #  include <memory.h>
| # endif
| # include <string.h>
| #endif
| #ifdef HAVE_STRINGS_H
| # include <strings.h>
| #endif
| #ifdef HAVE_INTTYPES_H
| # include <inttypes.h>
| #endif
| #ifdef HAVE_STDINT_H
| # include <stdint.h>
| #endif
| #ifdef HAVE_UNISTD_H
| # include <unistd.h>
| #endif
| int
| main ()
| {
| static int test_array [1 - 2 * !(((long int) (sizeof (int))) <= 3)];
| test_array [0] = 0;
| return test_array [0];
| 
|   ;
|   return 0;
| }
configure:5137: i686-pc-serenity-gcc -c -g -O2  conftest.c >&5
configure:5137: $? = 0
configure:5137: i686-pc-serenity-gcc -c -g -O2  conftest.c >&5
configure:5137: $? = 0
configure:5137: i686-pc-serenity-gcc -c -g -O2  conftest.c >&5
configure:5137: $? = 0
configure:5151: result: 4
configure:5165: checking size of long
configure:5170: i686-pc-serenity-gcc -c -g -O2  conftest.c >&5
configure:5170: $? = 0
configure:5170: i686-pc-serenity-gcc -c -g -O2  conftest.c >&5
conftest.c: In function 'main':
conftest.c:82:12: error: size of array 'test_array' is negative
   82 | static int test_array [1 - 2 * !(((long int) (sizeof (long))) <= 0)];
      |            ^~~~~~~~~~
configure:5170: $? = 1
configure: failed program was:
| /* confdefs.h */
| #define PACKAGE_NAME "pkg_install"
| #define PACKAGE_TARNAME "pkg_install"
| #define PACKAGE_VERSION "20200701"
| #define PACKAGE_STRING "pkg_install 20200701"
| #define PACKAGE_BUGREPORT "joerg@NetBSD.org"
| #define PACKAGE_URL ""
| #define STDC_HEADERS 1
| #define HAVE_SYS_TYPES_H 1
| #define HAVE_SYS_STAT_H 1
| #define HAVE_STDLIB_H 1
| #define HAVE_STRING_H 1
| #define HAVE_MEMORY_H 1
| #define HAVE_STRINGS_H 1
| #define HAVE_INTTYPES_H 1
| #define HAVE_STDINT_H 1
| #define HAVE_UNISTD_H 1
| #define HAVE_ASSERT_H 1
| #define HAVE_CTYPE_H 1
| #define HAVE_DIRENT_H 1
| #define HAVE_ERRNO_H 1
| #define HAVE_FCNTL_H 1
| #define HAVE_GRP_H 1
| #define HAVE_INTTYPES_H 1
| #define HAVE_LIMITS_H 1
| #define HAVE_PWD_H 1
| #define HAVE_SIGNAL_H 1
| #define HAVE_STDARG_H 1
| #define HAVE_STDIO_H 1
| #define HAVE_STDLIB_H 1
| #define HAVE_STRING_H 1
| #define HAVE_TIME_H 1
| #define HAVE_UNISTD_H 1
| #define HAVE_SYS_CDEFS_H 1
| #define HAVE_SYS_FILE_H 1
| #define HAVE_SYS_IOCTL_H 1
| #define HAVE_SYS_STAT_H 1
| #define HAVE_SYS_TIME_H 1
| #define HAVE_SYS_TYPES_H 1
| #define HAVE_SYS_UTSNAME_H 1
| #define HAVE_SYS_WAIT_H 1
| #define HAVE_VFORK 1
| #define NEED_PRI_MACRO 1
| #define SIZEOF_INT 4
| /* end confdefs.h.  */
| #include <stdio.h>
| #ifdef HAVE_SYS_TYPES_H
| # include <sys/types.h>
| #endif
| #ifdef HAVE_SYS_STAT_H
| # include <sys/stat.h>
| #endif
| #ifdef STDC_HEADERS
| # include <stdlib.h>
| # include <stddef.h>
| #else
| # ifdef HAVE_STDLIB_H
| #  include <stdlib.h>
| # endif
| #endif
| #ifdef HAVE_STRING_H
| # if !defined STDC_HEADERS && defined HAVE_MEMORY_H
| #  include <memory.h>
| # endif
| # include <string.h>
| #endif
| #ifdef HAVE_STRINGS_H
| # include <strings.h>
| #endif
| #ifdef HAVE_INTTYPES_H
| # include <inttypes.h>
| #endif
| #ifdef HAVE_STDINT_H
| # include <stdint.h>
| #endif
| #ifdef HAVE_UNISTD_H
| # include <unistd.h>
| #endif
| int
| main ()
| {
| static int test_array [1 - 2 * !(((long int) (sizeof (long))) <= 0)];
| test_array [0] = 0;
| return test_array [0];
| 
|   ;
|   return 0;
| }
configure:5170: i686-pc-serenity-gcc -c -g -O2  conftest.c >&5
conftest.c: In function 'main':
conftest.c:82:12: error: size of array 'test_array' is negative
   82 | static int test_array [1 - 2 * !(((long int) (sizeof (long))) <= 1)];
      |            ^~~~~~~~~~
configure:5170: $? = 1
configure: failed program was:
| /* confdefs.h */
| #define PACKAGE_NAME "pkg_install"
| #define PACKAGE_TARNAME "pkg_install"
| #define PACKAGE_VERSION "20200701"
| #define PACKAGE_STRING "pkg_install 20200701"
| #define PACKAGE_BUGREPORT "joerg@NetBSD.org"
| #define PACKAGE_URL ""
| #define STDC_HEADERS 1
| #define HAVE_SYS_TYPES_H 1
| #define HAVE_SYS_STAT_H 1
| #define HAVE_STDLIB_H 1
| #define HAVE_STRING_H 1
| #define HAVE_MEMORY_H 1
| #define HAVE_STRINGS_H 1
| #define HAVE_INTTYPES_H 1
| #define HAVE_STDINT_H 1
| #define HAVE_UNISTD_H 1
| #define HAVE_ASSERT_H 1
| #define HAVE_CTYPE_H 1
| #define HAVE_DIRENT_H 1
| #define HAVE_ERRNO_H 1
| #define HAVE_FCNTL_H 1
| #define HAVE_GRP_H 1
| #define HAVE_INTTYPES_H 1
| #define HAVE_LIMITS_H 1
| #define HAVE_PWD_H 1
| #define HAVE_SIGNAL_H 1
| #define HAVE_STDARG_H 1
| #define HAVE_STDIO_H 1
| #define HAVE_STDLIB_H 1
| #define HAVE_STRING_H 1
| #define HAVE_TIME_H 1
| #define HAVE_UNISTD_H 1
| #define HAVE_SYS_CDEFS_H 1
| #define HAVE_SYS_FILE_H 1
| #define HAVE_SYS_IOCTL_H 1
| #define HAVE_SYS_STAT_H 1
| #define HAVE_SYS_TIME_H 1
| #define HAVE_SYS_TYPES_H 1
| #define HAVE_SYS_UTSNAME_H 1
| #define HAVE_SYS_WAIT_H 1
| #define HAVE_VFORK 1
| #define NEED_PRI_MACRO 1
| #define SIZEOF_INT 4
| /* end confdefs.h.  */
| #include <stdio.h>
| #ifdef HAVE_SYS_TYPES_H
| # include <sys/types.h>
| #endif
| #ifdef HAVE_SYS_STAT_H
| # include <sys/stat.h>
| #endif
| #ifdef STDC_HEADERS
| # include <stdlib.h>
| # include <stddef.h>
| #else
| # ifdef HAVE_STDLIB_H
| #  include <stdlib.h>
| # endif
| #endif
| #ifdef HAVE_STRING_H
| # if !defined STDC_HEADERS && defined HAVE_MEMORY_H
| #  include <memory.h>
| # endif
| # include <string.h>
| #endif
| #ifdef HAVE_STRINGS_H
| # include <strings.h>
| #endif
| #ifdef HAVE_INTTYPES_H
| # include <inttypes.h>
| #endif
| #ifdef HAVE_STDINT_H
| # include <stdint.h>
| #endif
| #ifdef HAVE_UNISTD_H
| # include <unistd.h>
| #endif
| int
| main ()
| {
| static int test_array [1 - 2 * !(((long int) (sizeof (long))) <= 1)];
| test_array [0] = 0;
| return test_array [0];
| 
|   ;
|   return 0;
| }
configure:5170: i686-pc-serenity-gcc -c -g -O2  conftest.c >&5
conftest.c: In function 'main':
conftest.c:82:12: error: size of array 'test_array' is negative
   82 | static int test_array [1 - 2 * !(((long int) (sizeof (long))) <= 3)];
      |            ^~~~~~~~~~
configure:5170: $? = 1
configure: failed program was:
| /* confdefs.h */
| #define PACKAGE_NAME "pkg_install"
| #define PACKAGE_TARNAME "pkg_install"
| #define PACKAGE_VERSION "20200701"
| #define PACKAGE_STRING "pkg_install 20200701"
| #define PACKAGE_BUGREPORT "joerg@NetBSD.org"
| #define PACKAGE_URL ""
| #define STDC_HEADERS 1
| #define HAVE_SYS_TYPES_H 1
| #define HAVE_SYS_STAT_H 1
| #define HAVE_STDLIB_H 1
| #define HAVE_STRING_H 1
| #define HAVE_MEMORY_H 1
| #define HAVE_STRINGS_H 1
| #define HAVE_INTTYPES_H 1
| #define HAVE_STDINT_H 1
| #define HAVE_UNISTD_H 1
| #define HAVE_ASSERT_H 1
| #define HAVE_CTYPE_H 1
| #define HAVE_DIRENT_H 1
| #define HAVE_ERRNO_H 1
| #define HAVE_FCNTL_H 1
| #define HAVE_GRP_H 1
| #define HAVE_INTTYPES_H 1
| #define HAVE_LIMITS_H 1
| #define HAVE_PWD_H 1
| #define HAVE_SIGNAL_H 1
| #define HAVE_STDARG_H 1
| #define HAVE_STDIO_H 1
| #define HAVE_STDLIB_H 1
| #define HAVE_STRING_H 1
| #define HAVE_TIME_H 1
| #define HAVE_UNISTD_H 1
| #define HAVE_SYS_CDEFS_H 1
| #define HAVE_SYS_FILE_H 1
| #define HAVE_SYS_IOCTL_H 1
| #define HAVE_SYS_STAT_H 1
| #define HAVE_SYS_TIME_H 1
| #define HAVE_SYS_TYPES_H 1
| #define HAVE_SYS_UTSNAME_H 1
| #define HAVE_SYS_WAIT_H 1
| #define HAVE_VFORK 1
| #define NEED_PRI_MACRO 1
| #define SIZEOF_INT 4
| /* end confdefs.h.  */
| #include <stdio.h>
| #ifdef HAVE_SYS_TYPES_H
| # include <sys/types.h>
| #endif
| #ifdef HAVE_SYS_STAT_H
| # include <sys/stat.h>
| #endif
| #ifdef STDC_HEADERS
| # include <stdlib.h>
| # include <stddef.h>
| #else
| # ifdef HAVE_STDLIB_H
| #  include <stdlib.h>
| # endif
| #endif
| #ifdef HAVE_STRING_H
| # if !defined STDC_HEADERS && defined HAVE_MEMORY_H
| #  include <memory.h>
| # endif
| # include <string.h>
| #endif
| #ifdef HAVE_STRINGS_H
| # include <strings.h>
| #endif
| #ifdef HAVE_INTTYPES_H
| # include <inttypes.h>
| #endif
| #ifdef HAVE_STDINT_H
| # include <stdint.h>
| #endif
| #ifdef HAVE_UNISTD_H
| # include <unistd.h>
| #endif
| int
| main ()
| {
| static int test_array [1 - 2 * !(((long int) (sizeof (long))) <= 3)];
| test_array [0] = 0;
| return test_array [0];
| 
|   ;
|   return 0;
| }
configure:5170: i686-pc-serenity-gcc -c -g -O2  conftest.c >&5
configure:5170: $? = 0
configure:5170: i686-pc-serenity-gcc -c -g -O2  conftest.c >&5
configure:5170: $? = 0
configure:5170: i686-pc-serenity-gcc -c -g -O2  conftest.c >&5
configure:5170: $? = 0
configure:5184: result: 4
configure:5198: checking size of long long
configure:5203: i686-pc-serenity-gcc -c -g -O2  conftest.c >&5
configure:5203: $? = 0
configure:5203: i686-pc-serenity-gcc -c -g -O2  conftest.c >&5
conftest.c: In function 'main':
conftest.c:83:12: error: size of array 'test_array' is negative
   83 | static int test_array [1 - 2 * !(((long int) (sizeof (long long))) <= 0)];
      |            ^~~~~~~~~~
configure:5203: $? = 1
configure: failed program was:
| /* confdefs.h */
| #define PACKAGE_NAME "pkg_install"
| #define PACKAGE_TARNAME "pkg_install"
| #define PACKAGE_VERSION "20200701"
| #define PACKAGE_STRING "pkg_install 20200701"
| #define PACKAGE_BUGREPORT "joerg@NetBSD.org"
| #define PACKAGE_URL ""
| #define STDC_HEADERS 1
| #define HAVE_SYS_TYPES_H 1
| #define HAVE_SYS_STAT_H 1
| #define HAVE_STDLIB_H 1
| #define HAVE_STRING_H 1
| #define HAVE_MEMORY_H 1
| #define HAVE_STRINGS_H 1
| #define HAVE_INTTYPES_H 1
| #define HAVE_STDINT_H 1
| #define HAVE_UNISTD_H 1
| #define HAVE_ASSERT_H 1
| #define HAVE_CTYPE_H 1
| #define HAVE_DIRENT_H 1
| #define HAVE_ERRNO_H 1
| #define HAVE_FCNTL_H 1
| #define HAVE_GRP_H 1
| #define HAVE_INTTYPES_H 1
| #define HAVE_LIMITS_H 1
| #define HAVE_PWD_H 1
| #define HAVE_SIGNAL_H 1
| #define HAVE_STDARG_H 1
| #define HAVE_STDIO_H 1
| #define HAVE_STDLIB_H 1
| #define HAVE_STRING_H 1
| #define HAVE_TIME_H 1
| #define HAVE_UNISTD_H 1
| #define HAVE_SYS_CDEFS_H 1
| #define HAVE_SYS_FILE_H 1
| #define HAVE_SYS_IOCTL_H 1
| #define HAVE_SYS_STAT_H 1
| #define HAVE_SYS_TIME_H 1
| #define HAVE_SYS_TYPES_H 1
| #define HAVE_SYS_UTSNAME_H 1
| #define HAVE_SYS_WAIT_H 1
| #define HAVE_VFORK 1
| #define NEED_PRI_MACRO 1
| #define SIZEOF_INT 4
| #define SIZEOF_LONG 4
| /* end confdefs.h.  */
| #include <stdio.h>
| #ifdef HAVE_SYS_TYPES_H
| # include <sys/types.h>
| #endif
| #ifdef HAVE_SYS_STAT_H
| # include <sys/stat.h>
| #endif
| #ifdef STDC_HEADERS
| # include <stdlib.h>
| # include <stddef.h>
| #else
| # ifdef HAVE_STDLIB_H
| #  include <stdlib.h>
| # endif
| #endif
| #ifdef HAVE_STRING_H
| # if !defined STDC_HEADERS && defined HAVE_MEMORY_H
| #  include <memory.h>
| # endif
| # include <string.h>
| #endif
| #ifdef HAVE_STRINGS_H
| # include <strings.h>
| #endif
| #ifdef HAVE_INTTYPES_H
| # include <inttypes.h>
| #endif
| #ifdef HAVE_STDINT_H
| # include <stdint.h>
| #endif
| #ifdef HAVE_UNISTD_H
| # include <unistd.h>
| #endif
| int
| main ()
| {
| static int test_array [1 - 2 * !(((long int) (sizeof (long long))) <= 0)];
| test_array [0] = 0;
| return test_array [0];
| 
|   ;
|   return 0;
| }
configure:5203: i686-pc-serenity-gcc -c -g -O2  conftest.c >&5
conftest.c: In function 'main':
conftest.c:83:12: error: size of array 'test_array' is negative
   83 | static int test_array [1 - 2 * !(((long int) (sizeof (long long))) <= 1)];
      |            ^~~~~~~~~~
configure:5203: $? = 1
configure: failed program was:
| /* confdefs.h */
| #define PACKAGE_NAME "pkg_install"
| #define PACKAGE_TARNAME "pkg_install"
| #define PACKAGE_VERSION "20200701"
| #define PACKAGE_STRING "pkg_install 20200701"
| #define PACKAGE_BUGREPORT "joerg@NetBSD.org"
| #define PACKAGE_URL ""
| #define STDC_HEADERS 1
| #define HAVE_SYS_TYPES_H 1
| #define HAVE_SYS_STAT_H 1
| #define HAVE_STDLIB_H 1
| #define HAVE_STRING_H 1
| #define HAVE_MEMORY_H 1
| #define HAVE_STRINGS_H 1
| #define HAVE_INTTYPES_H 1
| #define HAVE_STDINT_H 1
| #define HAVE_UNISTD_H 1
| #define HAVE_ASSERT_H 1
| #define HAVE_CTYPE_H 1
| #define HAVE_DIRENT_H 1
| #define HAVE_ERRNO_H 1
| #define HAVE_FCNTL_H 1
| #define HAVE_GRP_H 1
| #define HAVE_INTTYPES_H 1
| #define HAVE_LIMITS_H 1
| #define HAVE_PWD_H 1
| #define HAVE_SIGNAL_H 1
| #define HAVE_STDARG_H 1
| #define HAVE_STDIO_H 1
| #define HAVE_STDLIB_H 1
| #define HAVE_STRING_H 1
| #define HAVE_TIME_H 1
| #define HAVE_UNISTD_H 1
| #define HAVE_SYS_CDEFS_H 1
| #define HAVE_SYS_FILE_H 1
| #define HAVE_SYS_IOCTL_H 1
| #define HAVE_SYS_STAT_H 1
| #define HAVE_SYS_TIME_H 1
| #define HAVE_SYS_TYPES_H 1
| #define HAVE_SYS_UTSNAME_H 1
| #define HAVE_SYS_WAIT_H 1
| #define HAVE_VFORK 1
| #define NEED_PRI_MACRO 1
| #define SIZEOF_INT 4
| #define SIZEOF_LONG 4
| /* end confdefs.h.  */
| #include <stdio.h>
| #ifdef HAVE_SYS_TYPES_H
| # include <sys/types.h>
| #endif
| #ifdef HAVE_SYS_STAT_H
| # include <sys/stat.h>
| #endif
| #ifdef STDC_HEADERS
| # include <stdlib.h>
| # include <stddef.h>
| #else
| # ifdef HAVE_STDLIB_H
| #  include <stdlib.h>
| # endif
| #endif
| #ifdef HAVE_STRING_H
| # if !defined STDC_HEADERS && defined HAVE_MEMORY_H
| #  include <memory.h>
| # endif
| # include <string.h>
| #endif
| #ifdef HAVE_STRINGS_H
| # include <strings.h>
| #endif
| #ifdef HAVE_INTTYPES_H
| # include <inttypes.h>
| #endif
| #ifdef HAVE_STDINT_H
| # include <stdint.h>
| #endif
| #ifdef HAVE_UNISTD_H
| # include <unistd.h>
| #endif
| int
| main ()
| {
| static int test_array [1 - 2 * !(((long int) (sizeof (long long))) <= 1)];
| test_array [0] = 0;
| return test_array [0];
| 
|   ;
|   return 0;
| }
configure:5203: i686-pc-serenity-gcc -c -g -O2  conftest.c >&5
conftest.c: In function 'main':
conftest.c:83:12: error: size of array 'test_array' is negative
   83 | static int test_array [1 - 2 * !(((long int) (sizeof (long long))) <= 3)];
      |            ^~~~~~~~~~
configure:5203: $? = 1
configure: failed program was:
| /* confdefs.h */
| #define PACKAGE_NAME "pkg_install"
| #define PACKAGE_TARNAME "pkg_install"
| #define PACKAGE_VERSION "20200701"
| #define PACKAGE_STRING "pkg_install 20200701"
| #define PACKAGE_BUGREPORT "joerg@NetBSD.org"
| #define PACKAGE_URL ""
| #define STDC_HEADERS 1
| #define HAVE_SYS_TYPES_H 1
| #define HAVE_SYS_STAT_H 1
| #define HAVE_STDLIB_H 1
| #define HAVE_STRING_H 1
| #define HAVE_MEMORY_H 1
| #define HAVE_STRINGS_H 1
| #define HAVE_INTTYPES_H 1
| #define HAVE_STDINT_H 1
| #define HAVE_UNISTD_H 1
| #define HAVE_ASSERT_H 1
| #define HAVE_CTYPE_H 1
| #define HAVE_DIRENT_H 1
| #define HAVE_ERRNO_H 1
| #define HAVE_FCNTL_H 1
| #define HAVE_GRP_H 1
| #define HAVE_INTTYPES_H 1
| #define HAVE_LIMITS_H 1
| #define HAVE_PWD_H 1
| #define HAVE_SIGNAL_H 1
| #define HAVE_STDARG_H 1
| #define HAVE_STDIO_H 1
| #define HAVE_STDLIB_H 1
| #define HAVE_STRING_H 1
| #define HAVE_TIME_H 1
| #define HAVE_UNISTD_H 1
| #define HAVE_SYS_CDEFS_H 1
| #define HAVE_SYS_FILE_H 1
| #define HAVE_SYS_IOCTL_H 1
| #define HAVE_SYS_STAT_H 1
| #define HAVE_SYS_TIME_H 1
| #define HAVE_SYS_TYPES_H 1
| #define HAVE_SYS_UTSNAME_H 1
| #define HAVE_SYS_WAIT_H 1
| #define HAVE_VFORK 1
| #define NEED_PRI_MACRO 1
| #define SIZEOF_INT 4
| #define SIZEOF_LONG 4
| /* end confdefs.h.  */
| #include <stdio.h>
| #ifdef HAVE_SYS_TYPES_H
| # include <sys/types.h>
| #endif
| #ifdef HAVE_SYS_STAT_H
| # include <sys/stat.h>
| #endif
| #ifdef STDC_HEADERS
| # include <stdlib.h>
| # include <stddef.h>
| #else
| # ifdef HAVE_STDLIB_H
| #  include <stdlib.h>
| # endif
| #endif
| #ifdef HAVE_STRING_H
| # if !defined STDC_HEADERS && defined HAVE_MEMORY_H
| #  include <memory.h>
| # endif
| # include <string.h>
| #endif
| #ifdef HAVE_STRINGS_H
| # include <strings.h>
| #endif
| #ifdef HAVE_INTTYPES_H
| # include <inttypes.h>
| #endif
| #ifdef HAVE_STDINT_H
| # include <stdint.h>
| #endif
| #ifdef HAVE_UNISTD_H
| # include <unistd.h>
| #endif
| int
| main ()
| {
| static int test_array [1 - 2 * !(((long int) (sizeof (long long))) <= 3)];
| test_array [0] = 0;
| return test_array [0];
| 
|   ;
|   return 0;
| }
configure:5203: i686-pc-serenity-gcc -c -g -O2  conftest.c >&5
conftest.c: In function 'main':
conftest.c:83:12: error: size of array 'test_array' is negative
   83 | static int test_array [1 - 2 * !(((long int) (sizeof (long long))) <= 7)];
      |            ^~~~~~~~~~
configure:5203: $? = 1
configure: failed program was:
| /* confdefs.h */
| #define PACKAGE_NAME "pkg_install"
| #define PACKAGE_TARNAME "pkg_install"
| #define PACKAGE_VERSION "20200701"
| #define PACKAGE_STRING "pkg_install 20200701"
| #define PACKAGE_BUGREPORT "joerg@NetBSD.org"
| #define PACKAGE_URL ""
| #define STDC_HEADERS 1
| #define HAVE_SYS_TYPES_H 1
| #define HAVE_SYS_STAT_H 1
| #define HAVE_STDLIB_H 1
| #define HAVE_STRING_H 1
| #define HAVE_MEMORY_H 1
| #define HAVE_STRINGS_H 1
| #define HAVE_INTTYPES_H 1
| #define HAVE_STDINT_H 1
| #define HAVE_UNISTD_H 1
| #define HAVE_ASSERT_H 1
| #define HAVE_CTYPE_H 1
| #define HAVE_DIRENT_H 1
| #define HAVE_ERRNO_H 1
| #define HAVE_FCNTL_H 1
| #define HAVE_GRP_H 1
| #define HAVE_INTTYPES_H 1
| #define HAVE_LIMITS_H 1
| #define HAVE_PWD_H 1
| #define HAVE_SIGNAL_H 1
| #define HAVE_STDARG_H 1
| #define HAVE_STDIO_H 1
| #define HAVE_STDLIB_H 1
| #define HAVE_STRING_H 1
| #define HAVE_TIME_H 1
| #define HAVE_UNISTD_H 1
| #define HAVE_SYS_CDEFS_H 1
| #define HAVE_SYS_FILE_H 1
| #define HAVE_SYS_IOCTL_H 1
| #define HAVE_SYS_STAT_H 1
| #define HAVE_SYS_TIME_H 1
| #define HAVE_SYS_TYPES_H 1
| #define HAVE_SYS_UTSNAME_H 1
| #define HAVE_SYS_WAIT_H 1
| #define HAVE_VFORK 1
| #define NEED_PRI_MACRO 1
| #define SIZEOF_INT 4
| #define SIZEOF_LONG 4
| /* end confdefs.h.  */
| #include <stdio.h>
| #ifdef HAVE_SYS_TYPES_H
| # include <sys/types.h>
| #endif
| #ifdef HAVE_SYS_STAT_H
| # include <sys/stat.h>
| #endif
| #ifdef STDC_HEADERS
| # include <stdlib.h>
| # include <stddef.h>
| #else
| # ifdef HAVE_STDLIB_H
| #  include <stdlib.h>
| # endif
| #endif
| #ifdef HAVE_STRING_H
| # if !defined STDC_HEADERS && defined HAVE_MEMORY_H
| #  include <memory.h>
| # endif
| # include <string.h>
| #endif
| #ifdef HAVE_STRINGS_H
| # include <strings.h>
| #endif
| #ifdef HAVE_INTTYPES_H
| # include <inttypes.h>
| #endif
| #ifdef HAVE_STDINT_H
| # include <stdint.h>
| #endif
| #ifdef HAVE_UNISTD_H
| # include <unistd.h>
| #endif
| int
| main ()
| {
| static int test_array [1 - 2 * !(((long int) (sizeof (long long))) <= 7)];
| test_array [0] = 0;
| return test_array [0];
| 
|   ;
|   return 0;
| }
configure:5203: i686-pc-serenity-gcc -c -g -O2  conftest.c >&5
configure:5203: $? = 0
configure:5203: i686-pc-serenity-gcc -c -g -O2  conftest.c >&5
configure:5203: $? = 0
configure:5203: i686-pc-serenity-gcc -c -g -O2  conftest.c >&5
configure:5203: $? = 0
configure:5203: i686-pc-serenity-gcc -c -g -O2  conftest.c >&5
configure:5203: $? = 0
configure:5217: result: 8
configure:5231: checking size of size_t
configure:5236: i686-pc-serenity-gcc -c -g -O2  conftest.c >&5
configure:5236: $? = 0
configure:5236: i686-pc-serenity-gcc -c -g -O2  conftest.c >&5
conftest.c: In function 'main':
conftest.c:84:12: error: size of array 'test_array' is negative
   84 | static int test_array [1 - 2 * !(((long int) (sizeof (size_t))) <= 0)];
      |            ^~~~~~~~~~
configure:5236: $? = 1
configure: failed program was:
| /* confdefs.h */
| #define PACKAGE_NAME "pkg_install"
| #define PACKAGE_TARNAME "pkg_install"
| #define PACKAGE_VERSION "20200701"
| #define PACKAGE_STRING "pkg_install 20200701"
| #define PACKAGE_BUGREPORT "joerg@NetBSD.org"
| #define PACKAGE_URL ""
| #define STDC_HEADERS 1
| #define HAVE_SYS_TYPES_H 1
| #define HAVE_SYS_STAT_H 1
| #define HAVE_STDLIB_H 1
| #define HAVE_STRING_H 1
| #define HAVE_MEMORY_H 1
| #define HAVE_STRINGS_H 1
| #define HAVE_INTTYPES_H 1
| #define HAVE_STDINT_H 1
| #define HAVE_UNISTD_H 1
| #define HAVE_ASSERT_H 1
| #define HAVE_CTYPE_H 1
| #define HAVE_DIRENT_H 1
| #define HAVE_ERRNO_H 1
| #define HAVE_FCNTL_H 1
| #define HAVE_GRP_H 1
| #define HAVE_INTTYPES_H 1
| #define HAVE_LIMITS_H 1
| #define HAVE_PWD_H 1
| #define HAVE_SIGNAL_H 1
| #define HAVE_STDARG_H 1
| #define HAVE_STDIO_H 1
| #define HAVE_STDLIB_H 1
| #define HAVE_STRING_H 1
| #define HAVE_TIME_H 1
| #define HAVE_UNISTD_H 1
| #define HAVE_SYS_CDEFS_H 1
| #define HAVE_SYS_FILE_H 1
| #define HAVE_SYS_IOCTL_H 1
| #define HAVE_SYS_STAT_H 1
| #define HAVE_SYS_TIME_H 1
| #define HAVE_SYS_TYPES_H 1
| #define HAVE_SYS_UTSNAME_H 1
| #define HAVE_SYS_WAIT_H 1
| #define HAVE_VFORK 1
| #define NEED_PRI_MACRO 1
| #define SIZEOF_INT 4
| #define SIZEOF_LONG 4
| #define SIZEOF_LONG_LONG 8
| /* end confdefs.h.  */
| #include <stdio.h>
| #ifdef HAVE_SYS_TYPES_H
| # include <sys/types.h>
| #endif
| #ifdef HAVE_SYS_STAT_H
| # include <sys/stat.h>
| #endif
| #ifdef STDC_HEADERS
| # include <stdlib.h>
| # include <stddef.h>
| #else
| # ifdef HAVE_STDLIB_H
| #  include <stdlib.h>
| # endif
| #endif
| #ifdef HAVE_STRING_H
| # if !defined STDC_HEADERS && defined HAVE_MEMORY_H
| #  include <memory.h>
| # endif
| # include <string.h>
| #endif
| #ifdef HAVE_STRINGS_H
| # include <strings.h>
| #endif
| #ifdef HAVE_INTTYPES_H
| # include <inttypes.h>
| #endif
| #ifdef HAVE_STDINT_H
| # include <stdint.h>
| #endif
| #ifdef HAVE_UNISTD_H
| # include <unistd.h>
| #endif
| int
| main ()
| {
| static int test_array [1 - 2 * !(((long int) (sizeof (size_t))) <= 0)];
| test_array [0] = 0;
| return test_array [0];
| 
|   ;
|   return 0;
| }
configure:5236: i686-pc-serenity-gcc -c -g -O2  conftest.c >&5
conftest.c: In function 'main':
conftest.c:84:12: error: size of array 'test_array' is negative
   84 | static int test_array [1 - 2 * !(((long int) (sizeof (size_t))) <= 1)];
      |            ^~~~~~~~~~
configure:5236: $? = 1
configure: failed program was:
| /* confdefs.h */
| #define PACKAGE_NAME "pkg_install"
| #define PACKAGE_TARNAME "pkg_install"
| #define PACKAGE_VERSION "20200701"
| #define PACKAGE_STRING "pkg_install 20200701"
| #define PACKAGE_BUGREPORT "joerg@NetBSD.org"
| #define PACKAGE_URL ""
| #define STDC_HEADERS 1
| #define HAVE_SYS_TYPES_H 1
| #define HAVE_SYS_STAT_H 1
| #define HAVE_STDLIB_H 1
| #define HAVE_STRING_H 1
| #define HAVE_MEMORY_H 1
| #define HAVE_STRINGS_H 1
| #define HAVE_INTTYPES_H 1
| #define HAVE_STDINT_H 1
| #define HAVE_UNISTD_H 1
| #define HAVE_ASSERT_H 1
| #define HAVE_CTYPE_H 1
| #define HAVE_DIRENT_H 1
| #define HAVE_ERRNO_H 1
| #define HAVE_FCNTL_H 1
| #define HAVE_GRP_H 1
| #define HAVE_INTTYPES_H 1
| #define HAVE_LIMITS_H 1
| #define HAVE_PWD_H 1
| #define HAVE_SIGNAL_H 1
| #define HAVE_STDARG_H 1
| #define HAVE_STDIO_H 1
| #define HAVE_STDLIB_H 1
| #define HAVE_STRING_H 1
| #define HAVE_TIME_H 1
| #define HAVE_UNISTD_H 1
| #define HAVE_SYS_CDEFS_H 1
| #define HAVE_SYS_FILE_H 1
| #define HAVE_SYS_IOCTL_H 1
| #define HAVE_SYS_STAT_H 1
| #define HAVE_SYS_TIME_H 1
| #define HAVE_SYS_TYPES_H 1
| #define HAVE_SYS_UTSNAME_H 1
| #define HAVE_SYS_WAIT_H 1
| #define HAVE_VFORK 1
| #define NEED_PRI_MACRO 1
| #define SIZEOF_INT 4
| #define SIZEOF_LONG 4
| #define SIZEOF_LONG_LONG 8
| /* end confdefs.h.  */
| #include <stdio.h>
| #ifdef HAVE_SYS_TYPES_H
| # include <sys/types.h>
| #endif
| #ifdef HAVE_SYS_STAT_H
| # include <sys/stat.h>
| #endif
| #ifdef STDC_HEADERS
| # include <stdlib.h>
| # include <stddef.h>
| #else
| # ifdef HAVE_STDLIB_H
| #  include <stdlib.h>
| # endif
| #endif
| #ifdef HAVE_STRING_H
| # if !defined STDC_HEADERS && defined HAVE_MEMORY_H
| #  include <memory.h>
| # endif
| # include <string.h>
| #endif
| #ifdef HAVE_STRINGS_H
| # include <strings.h>
| #endif
| #ifdef HAVE_INTTYPES_H
| # include <inttypes.h>
| #endif
| #ifdef HAVE_STDINT_H
| # include <stdint.h>
| #endif
| #ifdef HAVE_UNISTD_H
| # include <unistd.h>
| #endif
| int
| main ()
| {
| static int test_array [1 - 2 * !(((long int) (sizeof (size_t))) <= 1)];
| test_array [0] = 0;
| return test_array [0];
| 
|   ;
|   return 0;
| }
configure:5236: i686-pc-serenity-gcc -c -g -O2  conftest.c >&5
conftest.c: In function 'main':
conftest.c:84:12: error: size of array 'test_array' is negative
   84 | static int test_array [1 - 2 * !(((long int) (sizeof (size_t))) <= 3)];
      |            ^~~~~~~~~~
configure:5236: $? = 1
configure: failed program was:
| /* confdefs.h */
| #define PACKAGE_NAME "pkg_install"
| #define PACKAGE_TARNAME "pkg_install"
| #define PACKAGE_VERSION "20200701"
| #define PACKAGE_STRING "pkg_install 20200701"
| #define PACKAGE_BUGREPORT "joerg@NetBSD.org"
| #define PACKAGE_URL ""
| #define STDC_HEADERS 1
| #define HAVE_SYS_TYPES_H 1
| #define HAVE_SYS_STAT_H 1
| #define HAVE_STDLIB_H 1
| #define HAVE_STRING_H 1
| #define HAVE_MEMORY_H 1
| #define HAVE_STRINGS_H 1
| #define HAVE_INTTYPES_H 1
| #define HAVE_STDINT_H 1
| #define HAVE_UNISTD_H 1
| #define HAVE_ASSERT_H 1
| #define HAVE_CTYPE_H 1
| #define HAVE_DIRENT_H 1
| #define HAVE_ERRNO_H 1
| #define HAVE_FCNTL_H 1
| #define HAVE_GRP_H 1
| #define HAVE_INTTYPES_H 1
| #define HAVE_LIMITS_H 1
| #define HAVE_PWD_H 1
| #define HAVE_SIGNAL_H 1
| #define HAVE_STDARG_H 1
| #define HAVE_STDIO_H 1
| #define HAVE_STDLIB_H 1
| #define HAVE_STRING_H 1
| #define HAVE_TIME_H 1
| #define HAVE_UNISTD_H 1
| #define HAVE_SYS_CDEFS_H 1
| #define HAVE_SYS_FILE_H 1
| #define HAVE_SYS_IOCTL_H 1
| #define HAVE_SYS_STAT_H 1
| #define HAVE_SYS_TIME_H 1
| #define HAVE_SYS_TYPES_H 1
| #define HAVE_SYS_UTSNAME_H 1
| #define HAVE_SYS_WAIT_H 1
| #define HAVE_VFORK 1
| #define NEED_PRI_MACRO 1
| #define SIZEOF_INT 4
| #define SIZEOF_LONG 4
| #define SIZEOF_LONG_LONG 8
| /* end confdefs.h.  */
| #include <stdio.h>
| #ifdef HAVE_SYS_TYPES_H
| # include <sys/types.h>
| #endif
| #ifdef HAVE_SYS_STAT_H
| # include <sys/stat.h>
| #endif
| #ifdef STDC_HEADERS
| # include <stdlib.h>
| # include <stddef.h>
| #else
| # ifdef HAVE_STDLIB_H
| #  include <stdlib.h>
| # endif
| #endif
| #ifdef HAVE_STRING_H
| # if !defined STDC_HEADERS && defined HAVE_MEMORY_H
| #  include <memory.h>
| # endif
| # include <string.h>
| #endif
| #ifdef HAVE_STRINGS_H
| # include <strings.h>
| #endif
| #ifdef HAVE_INTTYPES_H
| # include <inttypes.h>
| #endif
| #ifdef HAVE_STDINT_H
| # include <stdint.h>
| #endif
| #ifdef HAVE_UNISTD_H
| # include <unistd.h>
| #endif
| int
| main ()
| {
| static int test_array [1 - 2 * !(((long int) (sizeof (size_t))) <= 3)];
| test_array [0] = 0;
| return test_array [0];
| 
|   ;
|   return 0;
| }
configure:5236: i686-pc-serenity-gcc -c -g -O2  conftest.c >&5
configure:5236: $? = 0
configure:5236: i686-pc-serenity-gcc -c -g -O2  conftest.c >&5
configure:5236: $? = 0
configure:5236: i686-pc-serenity-gcc -c -g -O2  conftest.c >&5
configure:5236: $? = 0
configure:5250: result: 4
configure:5400: creating ./config.status

## ---------------------- ##
## Running config.status. ##
## ---------------------- ##

This file was extended by pkg_install config.status 20200701, which was
generated by GNU Autoconf 2.69.  Invocation command line was

  CONFIG_FILES    = 
  CONFIG_HEADERS  = 
  CONFIG_LINKS    = 
  CONFIG_COMMANDS = 
  $ ./config.status 

on Dans-MacBook-Pro-4.local

config.status:872: creating Makefile
config.status:872: creating add/Makefile
config.status:872: creating admin/Makefile
config.status:872: creating create/Makefile
config.status:872: creating delete/Makefile
config.status:872: creating info/Makefile
config.status:872: creating lib/Makefile
config.status:872: creating lib/pkg_install.conf.5
config.status:872: creating lib/pkg_install.conf.cat
config.status:872: creating lib/config.h
config.status:1047: lib/config.h is unchanged

## ---------------- ##
## Cache variables. ##
## ---------------- ##

ac_cv_build=i386-apple-darwin20.5.0
ac_cv_c_compiler_gnu=yes
ac_cv_c_uint16_t=yes
ac_cv_c_uint32_t=yes
ac_cv_c_uint64_t=yes
ac_cv_c_uint8_t=yes
ac_cv_env_CC_set=set
ac_cv_env_CC_value=i686-pc-serenity-gcc
ac_cv_env_CFLAGS_set=
ac_cv_env_CFLAGS_value=
ac_cv_env_CPPFLAGS_set=
ac_cv_env_CPPFLAGS_value=
ac_cv_env_CPP_set=
ac_cv_env_CPP_value=
ac_cv_env_LDFLAGS_set=
ac_cv_env_LDFLAGS_value=
ac_cv_env_LIBS_set=set
ac_cv_env_LIBS_value=-lnbcompat
ac_cv_env_build_alias_set=
ac_cv_env_build_alias_value=
ac_cv_env_host_alias_set=set
ac_cv_env_host_alias_value=i686-pc-serenity
ac_cv_env_target_alias_set=
ac_cv_env_target_alias_value=
ac_cv_func_vfork=yes
ac_cv_header_assert_h=yes
ac_cv_header_ctype_h=yes
ac_cv_header_dirent_h=yes
ac_cv_header_err_h=no
ac_cv_header_errno_h=yes
ac_cv_header_fcntl_h=yes
ac_cv_header_fnmatch_h=no
ac_cv_header_glob_h=no
ac_cv_header_grp_h=yes
ac_cv_header_inttypes_h=yes
ac_cv_header_limits_h=yes
ac_cv_header_memory_h=yes
ac_cv_header_pwd_h=yes
ac_cv_header_signal_h=yes
ac_cv_header_stdarg_h=yes
ac_cv_header_stdc=yes
ac_cv_header_stdint_h=yes
ac_cv_header_stdio_h=yes
ac_cv_header_stdlib_h=yes
ac_cv_header_string_h=yes
ac_cv_header_strings_h=yes
ac_cv_header_sys_cdefs_h=yes
ac_cv_header_sys_file_h=yes
ac_cv_header_sys_ioctl_h=yes
ac_cv_header_sys_queue_h=no
ac_cv_header_sys_stat_h=yes
ac_cv_header_sys_time_h=yes
ac_cv_header_sys_types_h=yes
ac_cv_header_sys_utsname_h=yes
ac_cv_header_sys_wait_h=yes
ac_cv_header_time_h=yes
ac_cv_header_unistd_h=yes
ac_cv_header_vis_h=no
ac_cv_host=i686-pc-serenity
ac_cv_lib_db___db185_open=no
ac_cv_objext=o
ac_cv_path_CHMOD=/bin/chmod
ac_cv_path_CMP=/usr/bin/cmp
ac_cv_path_CP=/bin/cp
ac_cv_path_EGREP='/usr/bin/grep -E'
ac_cv_path_ENV=/usr/bin/env
ac_cv_path_FIND=/usr/bin/find
ac_cv_path_GREP=/usr/bin/grep
ac_cv_path_LN=/bin/ln
ac_cv_path_MKDIR=/bin/mkdir
ac_cv_path_RM=/bin/rm
ac_cv_path_RMDIR=/bin/rmdir
ac_cv_path_SED=/usr/bin/sed
ac_cv_path_SORT=/usr/bin/sort
ac_cv_path_TOUCH=/usr/bin/touch
ac_cv_path_install='/opt/pkg/bin/ginstall -c'
ac_cv_prog_AR=i686-pc-serenity-ar
ac_cv_prog_CC=i686-pc-serenity-gcc
ac_cv_prog_CPP='i686-pc-serenity-gcc -E'
ac_cv_prog_RANLIB=i686-pc-serenity-ranlib
ac_cv_prog_cc_c89=
ac_cv_prog_cc_g=yes
ac_cv_prog_make_make_set=yes
ac_cv_search_dbopen='none required'
ac_cv_search_gethostbyname='none required'
ac_cv_search_socket='none required'
ac_cv_sizeof_int=4
ac_cv_sizeof_long=4
ac_cv_sizeof_long_long=8
ac_cv_sizeof_size_t=4
ac_cv_sys_file_offset_bits=no
ac_cv_sys_largefile_CC=no

## ----------------- ##
## Output variables. ##
## ----------------- ##

AR='i686-pc-serenity-ar'
AUTOCONF='./missing --run autoconf'
AUTOHEADER='./missing --run autoheader'
CANONICAL_HOST='i686-pc-serenity'
CC='i686-pc-serenity-gcc'
CFLAGS='-g -O2'
CHMOD='/bin/chmod'
CMP='/usr/bin/cmp'
CP='/bin/cp'
CPP='i686-pc-serenity-gcc -E'
CPPFLAGS=''
DEFS='-DHAVE_CONFIG_H'
ECHO_C='\c'
ECHO_N=''
ECHO_T=''
EGREP='/usr/bin/grep -E'
ENV='/usr/bin/env'
EXEEXT=''
FIND='/usr/bin/find'
GREP='/usr/bin/grep'
INCLUDES=''
INSTALL_DATA='${INSTALL} -m 644'
INSTALL_PROGRAM='${INSTALL}'
INSTALL_SCRIPT='${INSTALL}'
LDFLAGS=''
LIBOBJS=''
LIBS='-lnbcompat'
LN='/bin/ln'
LN_S='ln -s'
LTLIBOBJS=''
MKDIR='/bin/mkdir'
OBJEXT='o'
PACKAGE_BUGREPORT='joerg@NetBSD.org'
PACKAGE_NAME='pkg_install'
PACKAGE_STRING='pkg_install 20200701'
PACKAGE_TARNAME='pkg_install'
PACKAGE_URL=''
PACKAGE_VERSION='20200701'
PATH_SEPARATOR=':'
PKG_DBDIR='NONE/pkgdb'
RANLIB='i686-pc-serenity-ranlib'
RM='/bin/rm'
RMDIR='/bin/rmdir'
SED='/usr/bin/sed'
SET_MAKE=''
SHELL='/bin/sh'
SORT='/usr/bin/sort'
SYSCONFDIR='${prefix}/etc'
TOUCH='/usr/bin/touch'
ac_ct_CC=''
bindir='${exec_prefix}/bin'
bootstrap='yes'
build='i386-apple-darwin20.5.0'
build_alias=''
build_cpu='i386'
build_os='darwin20.5.0'
build_vendor='apple'
datadir='${datarootdir}'
datarootdir='${prefix}/share'
docdir='${datarootdir}/doc/${PACKAGE_TARNAME}'
dvidir='${docdir}'
exec_prefix='${prefix}'
host='i686-pc-serenity'
host_alias='i686-pc-serenity'
host_cpu='i686'
host_os='serenity'
host_vendor='pc'
htmldir='${docdir}'
includedir='${prefix}/include'
infodir='${datarootdir}/info'
libdir='${exec_prefix}/lib'
libexecdir='${exec_prefix}/libexec'
localedir='${datarootdir}/locale'
localstatedir='${prefix}/var'
mandir='${datarootdir}/man'
oldincludedir='/usr/include'
pdfdir='${docdir}'
pkgdbdir='NONE/pkgdb'
prefix='/usr/local'
program_transform_name='s,x,x,'
psdir='${docdir}'
sbindir='${exec_prefix}/sbin'
sharedstatedir='${prefix}/com'
ssl_support=''
sysconfdir='${prefix}/etc'
target_alias=''

## ----------- ##
## confdefs.h. ##
## ----------- ##

/* confdefs.h */
#define PACKAGE_NAME "pkg_install"
#define PACKAGE_TARNAME "pkg_install"
#define PACKAGE_VERSION "20200701"
#define PACKAGE_STRING "pkg_install 20200701"
#define PACKAGE_BUGREPORT "joerg@NetBSD.org"
#define PACKAGE_URL ""
#define STDC_HEADERS 1
#define HAVE_SYS_TYPES_H 1
#define HAVE_SYS_STAT_H 1
#define HAVE_STDLIB_H 1
#define HAVE_STRING_H 1
#define HAVE_MEMORY_H 1
#define HAVE_STRINGS_H 1
#define HAVE_INTTYPES_H 1
#define HAVE_STDINT_H 1
#define HAVE_UNISTD_H 1
#define HAVE_ASSERT_H 1
#define HAVE_CTYPE_H 1
#define HAVE_DIRENT_H 1
#define HAVE_ERRNO_H 1
#define HAVE_FCNTL_H 1
#define HAVE_GRP_H 1
#define HAVE_INTTYPES_H 1
#define HAVE_LIMITS_H 1
#define HAVE_PWD_H 1
#define HAVE_SIGNAL_H 1
#define HAVE_STDARG_H 1
#define HAVE_STDIO_H 1
#define HAVE_STDLIB_H 1
#define HAVE_STRING_H 1
#define HAVE_TIME_H 1
#define HAVE_UNISTD_H 1
#define HAVE_SYS_CDEFS_H 1
#define HAVE_SYS_FILE_H 1
#define HAVE_SYS_IOCTL_H 1
#define HAVE_SYS_STAT_H 1
#define HAVE_SYS_TIME_H 1
#define HAVE_SYS_TYPES_H 1
#define HAVE_SYS_UTSNAME_H 1
#define HAVE_SYS_WAIT_H 1
#define HAVE_VFORK 1
#define NEED_PRI_MACRO 1
#define SIZEOF_INT 4
#define SIZEOF_LONG 4
#define SIZEOF_LONG_LONG 8
#define SIZEOF_SIZE_T 4

configure: exit 0
