This file contains any messages produced by compilers while
running configure, to aid debugging if configure makes a mistake.

It was created by OpenJDK configure openjdk, which was
generated by GNU Autoconf 2.71.  Invocation command line was

  $ /home/adam/Documents/serenity/Ports/jdk/jdk-jdk-18-10/configure --enable-option-checking=fatal --build=x86_64-unknown-linux-gnu --host=i686-pc-serenity --target=i686-pc-serenity CC=/home/adam/Documents/serenity/Toolchain/Local/i686/bin/i686-pc-serenity-gcc CXX=/home/adam/Documents/serenity/Toolchain/Local/i686/bin/i686-pc-serenity-g++ --enable-headless-only=yes

## --------- ##
## Platform. ##
## --------- ##

hostname = sitara
uname -m = x86_64
uname -r = 5.13.10-arch1-1
uname -s = Linux
uname -v = #1 SMP PREEMPT Thu, 12 Aug 2021 21:59:14 +0000

/usr/bin/uname -p = unknown
/bin/uname -X     = unknown

/bin/arch              = unknown
/usr/bin/arch -k       = unknown
/usr/convex/getsysinfo = unknown
/usr/bin/hostinfo      = unknown
/bin/machine           = unknown
/usr/bin/oslevel       = unknown
/bin/universe          = unknown

PATH: /home/adam/Documents/serenity/Build/i686/ccache/
PATH: /home/adam/Documents/serenity/Toolchain/Local/i686/bin/
PATH: /usr/local/sbin/
PATH: /usr/local/bin/
PATH: /usr/bin/
PATH: /usr/lib/jvm/default/bin/
PATH: /usr/bin/site_perl/
PATH: /usr/bin/vendor_perl/
PATH: /usr/bin/core_perl/
PATH: /home/adam/.local/bin/


## ----------- ##
## Core tests. ##
## ----------- ##

configure:4019: looking for aux files: config.guess config.sub
configure:4032:  trying /home/adam/Documents/serenity/Ports/jdk/jdk-jdk-18-10/make/autoconf/build-aux/
configure:4061:   /home/adam/Documents/serenity/Ports/jdk/jdk-jdk-18-10/make/autoconf/build-aux/config.guess found
configure:4061:   /home/adam/Documents/serenity/Ports/jdk/jdk-jdk-18-10/make/autoconf/build-aux/config.sub found
configure:6664: Configuration created at Mon Aug 16 15:46:30 BST 2021.
configure:6673: checking for basename
configure:6696: found /usr/bin/basename
configure:6708: result: /usr/bin/basename
configure:6728: checking for dirname
configure:6751: found /usr/bin/dirname
configure:6763: result: /usr/bin/dirname
configure:6783: checking for file
configure:6806: found /usr/bin/file
configure:6818: result: /usr/bin/file
configure:6838: checking for ldd
configure:6861: found /usr/bin/ldd
configure:6873: result: /usr/bin/ldd
configure:7168: checking for bash
configure:7396: result: /usr/bin/bash
configure:7541: checking for cat
configure:7769: result: /usr/bin/cat
configure:8179: checking for chmod
configure:8407: result: /usr/bin/chmod
configure:8817: checking for cp
configure:9045: result: /usr/bin/cp
configure:9455: checking for cut
configure:9683: result: /usr/bin/cut
configure:10093: checking for date
configure:10321: result: /usr/bin/date
configure:10731: checking for gdiff
configure:10966: result: [not found]
configure:10731: checking for diff
configure:10959: result: /usr/bin/diff
configure:11369: checking for echo
configure:11377: result: echo [builtin]
configure:12007: checking for expr
configure:12235: result: /usr/bin/expr
configure:12645: checking for find
configure:12873: result: /usr/bin/find
configure:13283: checking for gunzip
configure:13511: result: /usr/bin/gunzip
configure:13921: checking for pigz
configure:14156: result: [not found]
configure:13921: checking for gzip
configure:14149: result: /usr/bin/gzip
configure:14559: checking for head
configure:14787: result: /usr/bin/head
configure:15197: checking for ln
configure:15425: result: /usr/bin/ln
configure:15835: checking for ls
configure:16063: result: /usr/bin/ls
configure:16474: checking for gmkdir
configure:16709: result: [not found]
configure:16474: checking for mkdir
configure:16702: result: /usr/bin/mkdir
configure:17112: checking for mktemp
configure:17340: result: /usr/bin/mktemp
configure:17750: checking for mv
configure:17978: result: /usr/bin/mv
configure:18388: checking for gawk
configure:18616: result: /usr/bin/gawk
configure:19026: checking for printf
configure:19034: result: printf [builtin]
configure:19664: checking for rm
configure:19892: result: /usr/bin/rm
configure:20302: checking for rmdir
configure:20530: result: /usr/bin/rmdir
configure:20940: checking for sh
configure:21168: result: /usr/bin/sh
configure:21578: checking for sort
configure:21806: result: /usr/bin/sort
configure:22216: checking for tail
configure:22444: result: /usr/bin/tail
configure:22854: checking for gtar
configure:23089: result: [not found]
configure:22854: checking for tar
configure:23082: result: /usr/bin/tar
configure:23492: checking for tee
configure:23720: result: /usr/bin/tee
configure:24130: checking for touch
configure:24358: result: /usr/bin/touch
configure:24768: checking for tr
configure:24996: result: /usr/bin/tr
configure:25406: checking for uname
configure:25634: result: /usr/bin/uname
configure:26044: checking for wc
configure:26272: result: /usr/bin/wc
configure:26682: checking for xargs
configure:26910: result: /usr/bin/xargs
configure:27312: checking for grep that handles long lines and -e
configure:27376: result: /usr/bin/grep
configure:27584: checking for egrep
configure:27652: result: /usr/bin/grep -E
configure:27864: checking for fgrep
configure:27932: result: /usr/bin/grep -F
configure:28144: checking for a sed that does not truncate output
configure:28214: result: /usr/bin/sed
configure:28439: checking for df
configure:28667: result: /usr/bin/df
configure:29070: checking for nice
configure:29298: result: /usr/bin/nice
configure:29701: checking for greadlink
configure:29936: result: [not found]
configure:29701: checking for readlink
configure:29929: result: /usr/bin/readlink
configure:30334: checking for cygpath
configure:30569: result: [not found]
configure:30334: checking for wslpath
configure:30569: result: [not found]
configure:30965: checking for lsb_release
configure:31200: result: [not found]
configure:31596: checking for cmd.exe
configure:31831: result: [not found]
configure:32229: checking for cmp
configure:32457: result: /usr/bin/cmp
configure:32860: checking for uniq
configure:33088: result: /usr/bin/uniq
configure:33489: checking build system type
configure:33504: result: x86_64-unknown-linux-gnu
configure:33524: checking host system type
configure:33538: result: i686-pc-serenity
configure:33558: checking target system type
configure:33572: result: i686-pc-serenity
configure:33877: checking openjdk-build os-cpu
configure:33879: result: linux-x86_64
configure:33883: checking openjdk-build C library
configure:33885: result: gnu
configure:33921: error: unsupported operating system serenity

## ---------------- ##
## Cache variables. ##
## ---------------- ##

ac_cv_build=x86_64-unknown-linux-gnu
ac_cv_env_ALSA_CFLAGS_set=
ac_cv_env_ALSA_CFLAGS_value=
ac_cv_env_ALSA_LIBS_set=
ac_cv_env_ALSA_LIBS_value=
ac_cv_env_AR_set=set
ac_cv_env_AR_value=i686-pc-serenity-ar
ac_cv_env_AS_set=
ac_cv_env_AS_value=
ac_cv_env_AWK_set=
ac_cv_env_AWK_value=
ac_cv_env_BASH_set=set
ac_cv_env_BASH_value=/usr/bin/bash
ac_cv_env_BUILD_AR_set=
ac_cv_env_BUILD_AR_value=
ac_cv_env_BUILD_AS_set=
ac_cv_env_BUILD_AS_value=
ac_cv_env_BUILD_CC_set=
ac_cv_env_BUILD_CC_value=
ac_cv_env_BUILD_CXX_set=
ac_cv_env_BUILD_CXX_value=
ac_cv_env_BUILD_LD_set=
ac_cv_env_BUILD_LD_value=
ac_cv_env_BUILD_NM_set=
ac_cv_env_BUILD_NM_value=
ac_cv_env_BUILD_OBJCOPY_set=
ac_cv_env_BUILD_OBJCOPY_value=
ac_cv_env_BUILD_STRIP_set=
ac_cv_env_BUILD_STRIP_value=
ac_cv_env_CAT_set=
ac_cv_env_CAT_value=
ac_cv_env_CCACHE_set=
ac_cv_env_CCACHE_value=
ac_cv_env_CCC_set=
ac_cv_env_CCC_value=
ac_cv_env_CC_set=set
ac_cv_env_CC_value=/home/adam/Documents/serenity/Toolchain/Local/i686/bin/i686-pc-serenity-gcc
ac_cv_env_CFLAGS_set=
ac_cv_env_CFLAGS_value=
ac_cv_env_CHECK_GMAKE_set=
ac_cv_env_CHECK_GMAKE_value=
ac_cv_env_CHECK_MAKE_set=
ac_cv_env_CHECK_MAKE_value=
ac_cv_env_CHECK_TOOLSDIR_GMAKE_set=
ac_cv_env_CHECK_TOOLSDIR_GMAKE_value=
ac_cv_env_CHECK_TOOLSDIR_MAKE_set=
ac_cv_env_CHECK_TOOLSDIR_MAKE_value=
ac_cv_env_CHMOD_set=
ac_cv_env_CHMOD_value=
ac_cv_env_CMD_set=
ac_cv_env_CMD_value=
ac_cv_env_CMP_set=
ac_cv_env_CMP_value=
ac_cv_env_CODESIGN_set=
ac_cv_env_CODESIGN_value=
ac_cv_env_CPPFLAGS_set=
ac_cv_env_CPPFLAGS_value=
ac_cv_env_CPP_set=
ac_cv_env_CPP_value=
ac_cv_env_CP_set=
ac_cv_env_CP_value=
ac_cv_env_CUT_set=
ac_cv_env_CUT_value=
ac_cv_env_CXXCPP_set=
ac_cv_env_CXXCPP_value=
ac_cv_env_CXXFILT_set=
ac_cv_env_CXXFILT_value=
ac_cv_env_CXXFLAGS_set=
ac_cv_env_CXXFLAGS_value=
ac_cv_env_CXX_set=set
ac_cv_env_CXX_value=/home/adam/Documents/serenity/Toolchain/Local/i686/bin/i686-pc-serenity-g++
ac_cv_env_DATE_set=
ac_cv_env_DATE_value=
ac_cv_env_DF_set=
ac_cv_env_DF_value=
ac_cv_env_DIFF_set=
ac_cv_env_DIFF_value=
ac_cv_env_DOT_set=
ac_cv_env_DOT_value=
ac_cv_env_DSYMUTIL_set=
ac_cv_env_DSYMUTIL_value=
ac_cv_env_DTRACE_set=
ac_cv_env_DTRACE_value=
ac_cv_env_DUMPBIN_set=
ac_cv_env_DUMPBIN_value=
ac_cv_env_ECHO_set=
ac_cv_env_ECHO_value=
ac_cv_env_EGREP_set=
ac_cv_env_EGREP_value=
ac_cv_env_EXPR_set=
ac_cv_env_EXPR_value=
ac_cv_env_FGREP_set=
ac_cv_env_FGREP_value=
ac_cv_env_FIND_set=
ac_cv_env_FIND_value=
ac_cv_env_FLOCK_set=
ac_cv_env_FLOCK_value=
ac_cv_env_FREETYPE_CFLAGS_set=
ac_cv_env_FREETYPE_CFLAGS_value=
ac_cv_env_FREETYPE_LIBS_set=
ac_cv_env_FREETYPE_LIBS_value=
ac_cv_env_GIT_set=
ac_cv_env_GIT_value=
ac_cv_env_GREP_set=
ac_cv_env_GREP_value=
ac_cv_env_GUNZIP_set=
ac_cv_env_GUNZIP_value=
ac_cv_env_GZIP_set=
ac_cv_env_GZIP_value=
ac_cv_env_HARFBUZZ_CFLAGS_set=
ac_cv_env_HARFBUZZ_CFLAGS_value=
ac_cv_env_HARFBUZZ_LIBS_set=
ac_cv_env_HARFBUZZ_LIBS_value=
ac_cv_env_HEAD_set=
ac_cv_env_HEAD_value=
ac_cv_env_HG_set=
ac_cv_env_HG_value=
ac_cv_env_ICECC_CMD_set=
ac_cv_env_ICECC_CMD_value=
ac_cv_env_ICECC_CREATE_ENV_set=
ac_cv_env_ICECC_CREATE_ENV_value=
ac_cv_env_ICECC_WRAPPER_set=
ac_cv_env_ICECC_WRAPPER_value=
ac_cv_env_INSTALL_NAME_TOOL_set=
ac_cv_env_INSTALL_NAME_TOOL_value=
ac_cv_env_JAR_set=
ac_cv_env_JAR_value=
ac_cv_env_JAVAC_CHECK_set=
ac_cv_env_JAVAC_CHECK_value=
ac_cv_env_JAVAC_set=
ac_cv_env_JAVAC_value=
ac_cv_env_JAVADOC_set=
ac_cv_env_JAVADOC_value=
ac_cv_env_JAVA_CHECK_set=
ac_cv_env_JAVA_CHECK_value=
ac_cv_env_JAVA_set=
ac_cv_env_JAVA_value=
ac_cv_env_JTREGEXE_set=
ac_cv_env_JTREGEXE_value=
ac_cv_env_LCMS_CFLAGS_set=
ac_cv_env_LCMS_CFLAGS_value=
ac_cv_env_LCMS_LIBS_set=
ac_cv_env_LCMS_LIBS_value=
ac_cv_env_LDFLAGS_set=
ac_cv_env_LDFLAGS_value=
ac_cv_env_LD_set=
ac_cv_env_LD_value=
ac_cv_env_LIBFFI_CFLAGS_set=
ac_cv_env_LIBFFI_CFLAGS_value=
ac_cv_env_LIBFFI_LIBS_set=
ac_cv_env_LIBFFI_LIBS_value=
ac_cv_env_LIBS_set=
ac_cv_env_LIBS_value=
ac_cv_env_LIPO_set=
ac_cv_env_LIPO_value=
ac_cv_env_LN_set=
ac_cv_env_LN_value=
ac_cv_env_LSB_RELEASE_set=
ac_cv_env_LSB_RELEASE_value=
ac_cv_env_LS_set=
ac_cv_env_LS_value=
ac_cv_env_MAKE_set=
ac_cv_env_MAKE_value=
ac_cv_env_METALLIB_set=
ac_cv_env_METALLIB_value=
ac_cv_env_METAL_set=
ac_cv_env_METAL_value=
ac_cv_env_MIG_set=
ac_cv_env_MIG_value=
ac_cv_env_MKDIR_set=
ac_cv_env_MKDIR_value=
ac_cv_env_MKTEMP_set=
ac_cv_env_MKTEMP_value=
ac_cv_env_MT_set=
ac_cv_env_MT_value=
ac_cv_env_MV_set=
ac_cv_env_MV_value=
ac_cv_env_NICE_set=
ac_cv_env_NICE_value=
ac_cv_env_NM_set=
ac_cv_env_NM_value=
ac_cv_env_OBJCOPY_set=
ac_cv_env_OBJCOPY_value=
ac_cv_env_OBJDUMP_set=
ac_cv_env_OBJDUMP_value=
ac_cv_env_OTOOL_set=
ac_cv_env_OTOOL_value=
ac_cv_env_PANDOC_set=
ac_cv_env_PANDOC_value=
ac_cv_env_PATCH_set=
ac_cv_env_PATCH_value=
ac_cv_env_PATHTOOL_set=
ac_cv_env_PATHTOOL_value=
ac_cv_env_PKGHANDLER_set=
ac_cv_env_PKGHANDLER_value=
ac_cv_env_PKG_CONFIG_set=
ac_cv_env_PKG_CONFIG_value=
ac_cv_env_PNG_CFLAGS_set=
ac_cv_env_PNG_CFLAGS_value=
ac_cv_env_PNG_LIBS_set=
ac_cv_env_PNG_LIBS_value=
ac_cv_env_POTENTIAL_CC_set=
ac_cv_env_POTENTIAL_CC_value=
ac_cv_env_POTENTIAL_CXX_set=
ac_cv_env_POTENTIAL_CXX_value=
ac_cv_env_PRINTF_set=
ac_cv_env_PRINTF_value=
ac_cv_env_RC_set=
ac_cv_env_RC_value=
ac_cv_env_READELF_set=
ac_cv_env_READELF_value=
ac_cv_env_READLINK_set=
ac_cv_env_READLINK_value=
ac_cv_env_RMDIR_set=
ac_cv_env_RMDIR_value=
ac_cv_env_RM_set=
ac_cv_env_RM_value=
ac_cv_env_SED_set=
ac_cv_env_SED_value=
ac_cv_env_SETFILE_set=
ac_cv_env_SETFILE_value=
ac_cv_env_SH_set=
ac_cv_env_SH_value=
ac_cv_env_SORT_set=
ac_cv_env_SORT_value=
ac_cv_env_STAT_set=
ac_cv_env_STAT_value=
ac_cv_env_STRIP_set=
ac_cv_env_STRIP_value=
ac_cv_env_TAIL_set=
ac_cv_env_TAIL_value=
ac_cv_env_TAR_set=
ac_cv_env_TAR_value=
ac_cv_env_TEE_set=
ac_cv_env_TEE_value=
ac_cv_env_TIME_set=
ac_cv_env_TIME_value=
ac_cv_env_TOUCH_set=
ac_cv_env_TOUCH_value=
ac_cv_env_TR_set=
ac_cv_env_TR_value=
ac_cv_env_ULIMIT_set=
ac_cv_env_ULIMIT_value=
ac_cv_env_UNAME_set=
ac_cv_env_UNAME_value=
ac_cv_env_UNIQ_set=
ac_cv_env_UNIQ_value=
ac_cv_env_UNZIP_set=
ac_cv_env_UNZIP_value=
ac_cv_env_WC_set=
ac_cv_env_WC_value=
ac_cv_env_XARGS_set=
ac_cv_env_XARGS_value=
ac_cv_env_XATTR_set=
ac_cv_env_XATTR_value=
ac_cv_env_XCODEBUILD_set=
ac_cv_env_XCODEBUILD_value=
ac_cv_env_XMKMF_set=
ac_cv_env_XMKMF_value=
ac_cv_env_ZIPEXE_set=
ac_cv_env_ZIPEXE_value=
ac_cv_env_build_alias_set=set
ac_cv_env_build_alias_value=x86_64-unknown-linux-gnu
ac_cv_env_host_alias_set=set
ac_cv_env_host_alias_value=i686-pc-serenity
ac_cv_env_target_alias_set=set
ac_cv_env_target_alias_value=i686-pc-serenity
ac_cv_host=i686-pc-serenity
ac_cv_path_BASENAME=/usr/bin/basename
ac_cv_path_DIRNAME=/usr/bin/dirname
ac_cv_path_EGREP='/usr/bin/grep -E'
ac_cv_path_FGREP='/usr/bin/grep -F'
ac_cv_path_FILE=/usr/bin/file
ac_cv_path_GREP=/usr/bin/grep
ac_cv_path_LDD=/usr/bin/ldd
ac_cv_path_SED=/usr/bin/sed
ac_cv_target=i686-pc-serenity

## ----------------- ##
## Output variables. ##
## ----------------- ##

ADLC_LANGSTD_CXXFLAGS=''
ADLC_LDFLAGS=''
ALLOW_ABSOLUTE_PATHS_IN_OUTPUT=''
ALSA_CFLAGS=''
ALSA_LIBS=''
AR='i686-pc-serenity-ar'
ARFLAGS=''
AR_OUT_OPTION=''
AS=''
ASAN_ENABLED=''
ASFLAGS_DEBUG_SYMBOLS=''
AUTOCONF=''
AWK='/usr/bin/gawk'
BASENAME='/usr/bin/basename'
BASH='/usr/bin/bash'
BASH_ARGS=''
BASIC_ASFLAGS=''
BOOTCYCLE_JVM_ARGS_BIG=''
BOOT_JDK=''
BOOT_JDK_SOURCETARGET=''
BUILDJDK_JAVA_FLAGS_SMALL=''
BUILD_AR=''
BUILD_AS=''
BUILD_CC=''
BUILD_CC_DISABLE_WARNING_PREFIX=''
BUILD_CDS_ARCHIVE=''
BUILD_CXX=''
BUILD_FAILURE_HANDLER=''
BUILD_ICECC=''
BUILD_JDK=''
BUILD_LD=''
BUILD_LDCXX=''
BUILD_MANPAGES=''
BUILD_NM=''
BUILD_OBJCOPY=''
BUILD_STRIP=''
BUILD_SYSROOT_CFLAGS=''
BUILD_SYSROOT_LDFLAGS=''
CACERTS_FILE=''
CAT='/usr/bin/cat'
CC='/home/adam/Documents/serenity/Toolchain/Local/i686/bin/i686-pc-serenity-gcc'
CCACHE=''
CC_OUT_OPTION=''
CC_VERSION_NUMBER=''
CFLAGS=''
CFLAGS_CCACHE=''
CFLAGS_DEBUG_SYMBOLS=''
CFLAGS_JDKEXE=''
CFLAGS_JDKLIB=''
CFLAGS_WARNINGS_ARE_ERRORS=''
CHECK_GMAKE=''
CHECK_MAKE=''
CHECK_TOOLSDIR_GMAKE=''
CHECK_TOOLSDIR_MAKE=''
CHMOD='/usr/bin/chmod'
CMD=''
CMP='/usr/bin/cmp'
CODESIGN=''
COMPANY_NAME=''
COMPILER_BINDCMD_FILE_FLAG=''
COMPILER_COMMAND_FILE_FLAG=''
COMPILER_SUPPORTS_TARGET_BITS_FLAG=''
COMPILER_TARGET_BITS_FLAG=''
COMPILE_TYPE=''
COMPILE_WITH_DEBUG_SYMBOLS=''
COMPRESS_JARS=''
CONFIGURESUPPORT_OUTPUTDIR=''
CONFIGURE_COMMAND_LINE='CC=/home/adam/Documents/serenity/Toolchain/Local/i686/bin/i686-pc-serenity-gcc CXX=/home/adam/Documents/serenity/Toolchain/Local/i686/bin/i686-pc-serenity-g++ --openjdk-target=i686-pc-serenity --enable-headless-only=yes'
CONFIGURE_START_DIR=''
CONF_NAME=''
COPYRIGHT_YEAR=''
COPY_DEBUG_SYMBOLS=''
CP='/usr/bin/cp'
CPP=''
CPPFLAGS=''
CREATE_BUILDJDK=''
CUPS_CFLAGS=''
CUT='/usr/bin/cut'
CXX='/home/adam/Documents/serenity/Toolchain/Local/i686/bin/i686-pc-serenity-g++'
CXXCPP=''
CXXFILT=''
CXXFLAGS=''
CXXFLAGS_JDKEXE=''
CXXFLAGS_JDKLIB=''
CXX_O_FLAG_HI=''
CXX_O_FLAG_HIGHEST=''
CXX_O_FLAG_HIGHEST_JVM=''
CXX_O_FLAG_NONE=''
CXX_O_FLAG_NORM=''
CXX_O_FLAG_SIZE=''
CXX_VERSION_NUMBER=''
C_O_FLAG_HI=''
C_O_FLAG_HIGHEST=''
C_O_FLAG_HIGHEST_JVM=''
C_O_FLAG_NONE=''
C_O_FLAG_NORM=''
C_O_FLAG_SIZE=''
DATE='/usr/bin/date'
DATE_WHEN_CONFIGURED='Mon Aug 16 15:46:30 BST 2021'
DEBUG_LEVEL=''
DEFAULT_LOG=''
DEFAULT_MAKE_TARGET=''
DEFINE_CROSS_COMPILE_ARCH=''
DEFS=''
DEVKIT_LIB_DIR=''
DF='/usr/bin/df'
DIFF='/usr/bin/diff'
DIRNAME='/usr/bin/dirname'
DISABLED_WARNINGS=''
DISABLED_WARNINGS_C=''
DISABLED_WARNINGS_CXX=''
DISABLE_WARNING_PREFIX=''
DOCS_REFERENCE_JAVADOC=''
DOT=''
DSYMUTIL=''
DTRACE=''
DUMPBIN=''
ECHO='echo'
ECHO_C=''
ECHO_N='-n'
ECHO_T=''
EGREP='/usr/bin/grep -E'
ENABLE_COMPATIBLE_CDS_ALIGNMENT=''
ENABLE_FULL_DOCS=''
ENABLE_GENERATE_CLASSLIST=''
ENABLE_HEADLESS_ONLY=''
ENABLE_JAVAC_SERVER=''
ENABLE_LIBFFI_BUNDLING=''
ENABLE_LINKTIME_GC=''
ENABLE_PANDOC=''
ENABLE_REPRODUCIBLE_BUILD=''
EXCLUDE_TRANSLATIONS=''
EXECUTABLE_SUFFIX=''
EXEEXT=''
EXPR='/usr/bin/expr'
EXTERNAL_BUILDJDK=''
EXTRA_ASFLAGS=''
EXTRA_CFLAGS=''
EXTRA_CXXFLAGS=''
EXTRA_LDFLAGS=''
FDLIBM_CFLAGS=''
FGREP='/usr/bin/grep -F'
FILE='/usr/bin/file'
FILE_MACRO_CFLAGS=''
FIND='/usr/bin/find'
FIND_DELETE=''
FIXPATH=''
FIXPATH_BASE=''
FLOCK=''
FONTCONFIG_CFLAGS=''
FREETYPE_CFLAGS=''
FREETYPE_LIBS=''
FREETYPE_TO_USE=''
GCOV_ENABLED=''
GENDEPS_FLAGS=''
GIT=''
GNM=''
GREP='/usr/bin/grep'
GTEST_FRAMEWORK_SRC=''
GUNZIP='/usr/bin/gunzip'
GZIP='/usr/bin/gzip'
HARFBUZZ_CFLAGS=''
HARFBUZZ_LIBS=''
HEAD='/usr/bin/head'
HG=''
HOTSPOT_BUILD_CPU=''
HOTSPOT_BUILD_CPU_ARCH=''
HOTSPOT_BUILD_CPU_DEFINE=''
HOTSPOT_BUILD_LIBC=''
HOTSPOT_BUILD_OS=''
HOTSPOT_BUILD_OS_TYPE=''
HOTSPOT_BUILD_TIME=''
HOTSPOT_DEBUG_LEVEL=''
HOTSPOT_OVERRIDE_LIBPATH=''
HOTSPOT_TARGET_CPU=''
HOTSPOT_TARGET_CPU_ARCH=''
HOTSPOT_TARGET_CPU_DEFINE=''
HOTSPOT_TARGET_LIBC=''
HOTSPOT_TARGET_OS=''
HOTSPOT_TARGET_OS_TYPE=''
HOTSPOT_TOOLCHAIN_TYPE=''
HOTSPOT_VM_DISTRO=''
ICECC=''
ICECC_CMD=''
ICECC_CREATE_ENV=''
ICECC_WRAPPER=''
IMPORT_MODULES_CLASSES=''
IMPORT_MODULES_CMDS=''
IMPORT_MODULES_CONF=''
IMPORT_MODULES_LEGAL=''
IMPORT_MODULES_LIBS=''
IMPORT_MODULES_MAKE=''
IMPORT_MODULES_MAN=''
IMPORT_MODULES_SRC=''
INCLUDE_COMPILER2=''
INCLUDE_JVMCI=''
INCLUDE_SA=''
INSTALL_NAME_TOOL=''
IS_GNU_TIME=''
JAR=''
JAVA=''
JAVAC=''
JAVAC_CHECK=''
JAVADOC=''
JAVA_CHECK=''
JAVA_FLAGS=''
JAVA_FLAGS_BIG=''
JAVA_FLAGS_SMALL=''
JAVA_TOOL_FLAGS_SMALL=''
JCOV_ENABLED=''
JCOV_FILTERS=''
JCOV_HOME=''
JCOV_INPUT_JDK=''
JDKEXE_LIBS=''
JDKLIB_LIBS=''
JDK_ARCH_ABI_PROP_NAME=''
JDK_RC_NAME=''
JDK_RC_PLATFORM_NAME=''
JDK_SOURCE_TARGET_VERSION=''
JIB_HOME=''
JLINK=''
JLINK_KEEP_PACKAGED_MODULES=''
JMH_COMMONS_MATH_JAR=''
JMH_CORE_JAR=''
JMH_GENERATOR_JAR=''
JMH_JOPT_SIMPLE_JAR=''
JMH_VERSION=''
JMOD=''
JOBS=''
JTREGEXE=''
JT_HOME=''
JVM_ASFLAGS=''
JVM_CFLAGS=''
JVM_FEATURES_client=''
JVM_FEATURES_core=''
JVM_FEATURES_custom=''
JVM_FEATURES_minimal=''
JVM_FEATURES_server=''
JVM_FEATURES_zero=''
JVM_LDFLAGS=''
JVM_LIBS=''
JVM_VARIANTS=''
JVM_VARIANT_MAIN=''
LAUNCHER_NAME=''
LCMS_CFLAGS=''
LCMS_LIBS=''
LD=''
LDCXX=''
LDD='/usr/bin/ldd'
LDFLAGS=''
LDFLAGS_CXX_JDK=''
LDFLAGS_JDKEXE=''
LDFLAGS_JDKLIB=''
LDFLAGS_TESTEXE=''
LD_OUT_OPTION=''
LIBCXX=''
LIBDL=''
LIBFFI_CFLAGS=''
LIBFFI_LIBS=''
LIBFFI_LIB_FILE=''
LIBM=''
LIBOBJS=''
LIBRARY_PREFIX=''
LIBS=''
LIBZIP_CAN_USE_MMAP=''
LIBZ_CFLAGS=''
LIBZ_LIBS=''
LIPO=''
LN='/usr/bin/ln'
LS='/usr/bin/ls'
LSB_RELEASE=''
LTLIBOBJS=''
MACOSX_BUNDLE_BUILD_VERSION=''
MACOSX_BUNDLE_ID_BASE=''
MACOSX_BUNDLE_NAME_BASE=''
MACOSX_CODESIGN_IDENTITY=''
MACOSX_VERSION_MAX=''
MACOSX_VERSION_MIN=''
MAKE=''
MEMORY_SIZE=''
METAL=''
METALLIB=''
MIG=''
MKDIR='/usr/bin/mkdir'
MKTEMP='/usr/bin/mktemp'
MSVCP_DLL=''
MSVCR_DLL=''
MT=''
MV='/usr/bin/mv'
NICE='/usr/bin/nice'
NM=''
NUM_CORES=''
OBJCOPY=''
OBJDUMP=''
OBJEXT=''
OBJ_SUFFIX=''
OPENJDK_BUILD_ABI='gnu'
OPENJDK_BUILD_ADLC_LANGSTD_CXXFLAGS=''
OPENJDK_BUILD_AUTOCONF_NAME='x86_64-unknown-linux-gnu'
OPENJDK_BUILD_BUNDLE_PLATFORM=''
OPENJDK_BUILD_CFLAGS_JDKEXE=''
OPENJDK_BUILD_CFLAGS_JDKLIB=''
OPENJDK_BUILD_CPU='x86_64'
OPENJDK_BUILD_CPU_ARCH='x86'
OPENJDK_BUILD_CPU_AUTOCONF='x86_64'
OPENJDK_BUILD_CPU_BITS='64'
OPENJDK_BUILD_CPU_ENDIAN='little'
OPENJDK_BUILD_CPU_LEGACY=''
OPENJDK_BUILD_CPU_LEGACY_LIB=''
OPENJDK_BUILD_CPU_OSARCH=''
OPENJDK_BUILD_CXXFLAGS_JDKEXE=''
OPENJDK_BUILD_CXXFLAGS_JDKLIB=''
OPENJDK_BUILD_FDLIBM_CFLAGS=''
OPENJDK_BUILD_JDKLIB_LIBS=''
OPENJDK_BUILD_JVM_ASFLAGS=''
OPENJDK_BUILD_JVM_CFLAGS=''
OPENJDK_BUILD_JVM_LDFLAGS=''
OPENJDK_BUILD_JVM_LIBS=''
OPENJDK_BUILD_LDFLAGS_JDKEXE=''
OPENJDK_BUILD_LDFLAGS_JDKLIB=''
OPENJDK_BUILD_LIBC='gnu'
OPENJDK_BUILD_OS='linux'
OPENJDK_BUILD_OS_ENV='linux'
OPENJDK_BUILD_OS_INCLUDE_SUBDIR=''
OPENJDK_BUILD_OS_TYPE='unix'
OPENJDK_MODULE_TARGET_PLATFORM=''
OPENJDK_TARGET_ABI=''
OPENJDK_TARGET_AUTOCONF_NAME='i686-pc-serenity'
OPENJDK_TARGET_BUNDLE_PLATFORM=''
OPENJDK_TARGET_CPU=''
OPENJDK_TARGET_CPU_ARCH=''
OPENJDK_TARGET_CPU_AUTOCONF=''
OPENJDK_TARGET_CPU_BITS=''
OPENJDK_TARGET_CPU_ENDIAN=''
OPENJDK_TARGET_CPU_LEGACY=''
OPENJDK_TARGET_CPU_LEGACY_LIB=''
OPENJDK_TARGET_CPU_OSARCH=''
OPENJDK_TARGET_LIBC=''
OPENJDK_TARGET_OS=''
OPENJDK_TARGET_OS_ENV=''
OPENJDK_TARGET_OS_INCLUDE_SUBDIR=''
OPENJDK_TARGET_OS_TYPE=''
OPENJDK_TARGET_OS_UPPERCASE=''
ORIGINAL_PATH='/home/adam/Documents/serenity/Build/i686/ccache:/home/adam/Documents/serenity/Toolchain/Local/i686/bin:/usr/local/sbin:/usr/local/bin:/usr/bin:/usr/lib/jvm/default/bin:/usr/bin/site_perl:/usr/bin/vendor_perl:/usr/bin/core_perl:/home/adam/.local/bin'
OS_VERSION_MAJOR=''
OS_VERSION_MICRO=''
OS_VERSION_MINOR=''
OTOOL=''
OUTPUTDIR=''
OUTPUT_SYNC=''
OUTPUT_SYNC_SUPPORTED=''
PACKAGE_BUGREPORT='build-dev@openjdk.java.net'
PACKAGE_NAME='OpenJDK'
PACKAGE_STRING='OpenJDK openjdk'
PACKAGE_TARNAME='openjdk'
PACKAGE_URL='http://openjdk.java.net'
PACKAGE_VERSION='openjdk'
PANDOC=''
PANDOC_MARKDOWN_FLAG=''
PATCH=''
PATHTOOL=''
PATH_SEPARATOR=':'
PKGHANDLER=''
PKG_CONFIG=''
PNG_CFLAGS=''
PNG_LIBS=''
POTENTIAL_CC=''
POTENTIAL_CXX=''
PRINTF='printf'
PRODUCT_NAME=''
PRODUCT_SUFFIX=''
RC=''
RCFLAGS=''
READELF=''
READLINK='/usr/bin/readlink'
RELEASE_FILE_LIBC=''
RELEASE_FILE_OS_ARCH=''
RELEASE_FILE_OS_NAME=''
RM='/usr/bin/rm -f'
RMDIR='/usr/bin/rmdir'
SDKROOT=''
SED='/usr/bin/sed'
SETFILE=''
SET_EXECUTABLE_ORIGIN=''
SET_SHARED_LIBRARY_MAPFILE=''
SET_SHARED_LIBRARY_NAME=''
SET_SHARED_LIBRARY_ORIGIN=''
SH='/usr/bin/sh'
SHARED_LIBRARY=''
SHARED_LIBRARY_FLAGS=''
SHARED_LIBRARY_SUFFIX=''
SHELL='/usr/bin/bash'
SHIP_DEBUG_SYMBOLS=''
SORT='/usr/bin/sort'
SOURCE_DATE=''
SPEC=''
STAT=''
STATIC_BUILD=''
STATIC_LIBRARY=''
STATIC_LIBRARY_SUFFIX=''
STATIC_LIBS_CFLAGS=''
STRIP=''
STRIPFLAGS=''
SYSROOT_CFLAGS=''
SYSROOT_LDFLAGS=''
TAIL='/usr/bin/tail'
TAR='/usr/bin/tar'
TAR_INCLUDE_PARAM=''
TAR_SUPPORTS_TRANSFORM=''
TAR_TYPE=''
TEE='/usr/bin/tee'
TEST_JOBS=''
TIME=''
TOOLCHAIN_PATH=''
TOOLCHAIN_TYPE=''
TOOLCHAIN_VERSION=''
TOPDIR='/home/adam/Documents/serenity/Ports/jdk/jdk-jdk-18-10'
TOUCH='/usr/bin/touch'
TR='/usr/bin/tr'
UCRT_DLL_DIR=''
ULIMIT=''
UNAME='/usr/bin/uname'
UNIQ='/usr/bin/uniq'
UNLIMITED_CRYPTO=''
UNZIP=''
USERNAME=''
USE_EXTERNAL_HARFBUZZ=''
USE_EXTERNAL_LCMS=''
USE_EXTERNAL_LIBGIF=''
USE_EXTERNAL_LIBJPEG=''
USE_EXTERNAL_LIBPNG=''
USE_EXTERNAL_LIBZ=''
USE_PRECOMPILED_HEADER=''
VALID_JVM_FEATURES=''
VALID_JVM_VARIANTS='server client minimal core zero custom'
VCRUNTIME_1_DLL=''
VENDOR_URL=''
VENDOR_URL_BUG=''
VENDOR_URL_VM_BUG=''
VENDOR_VERSION_STRING=''
VERSION_BUILD=''
VERSION_CLASSFILE_MAJOR=''
VERSION_CLASSFILE_MINOR=''
VERSION_DATE=''
VERSION_DOCS_API_SINCE=''
VERSION_EXTRA1=''
VERSION_EXTRA2=''
VERSION_EXTRA3=''
VERSION_FEATURE=''
VERSION_INTERIM=''
VERSION_IS_GA=''
VERSION_NUMBER=''
VERSION_NUMBER_FOUR_POSITIONS=''
VERSION_OPT=''
VERSION_PATCH=''
VERSION_PRE=''
VERSION_SHORT=''
VERSION_STRING=''
VERSION_UPDATE=''
WARNINGS_AS_ERRORS=''
WC='/usr/bin/wc'
WINENV_PREFIX=''
WINENV_ROOT=''
WORKSPACE_ROOT=''
XARGS='/usr/bin/xargs'
XATTR=''
XCODEBUILD=''
XMKMF=''
X_CFLAGS=''
X_EXTRA_LIBS=''
X_LIBS=''
X_PRE_LIBS=''
ZIPEXE=''
ZIP_EXTERNAL_DEBUG_SYMBOLS=''
ac_ct_CC=''
ac_ct_CXX=''
bindir='${exec_prefix}/bin'
build='x86_64-unknown-linux-gnu'
build_alias='x86_64-unknown-linux-gnu'
build_cpu='x86_64'
build_os='linux-gnu'
build_vendor='unknown'
datadir='${datarootdir}'
datarootdir='${prefix}/share'
docdir='${datarootdir}/doc/${PACKAGE_TARNAME}'
dvidir='${docdir}'
exec_prefix='NONE'
host='i686-pc-serenity'
host_alias='i686-pc-serenity'
host_cpu='i686'
host_os='serenity'
host_vendor='pc'
htmldir='${docdir}'
includedir='${prefix}/include'
infodir='${datarootdir}/info'
libdir='${exec_prefix}/lib'
libexecdir='${exec_prefix}/libexec'
localedir='${datarootdir}/locale'
localstatedir='${prefix}/var'
mandir='${datarootdir}/man'
oldincludedir='/usr/include'
pdfdir='${docdir}'
prefix='NONE'
program_transform_name='s,x,x,'
psdir='${docdir}'
runstatedir='${localstatedir}/run'
sbindir='${exec_prefix}/sbin'
sharedstatedir='${prefix}/com'
sysconfdir='${prefix}/etc'
target='i686-pc-serenity'
target_alias='i686-pc-serenity'
target_cpu='i686'
target_os='serenity'
target_vendor='pc'

## ----------- ##
## confdefs.h. ##
## ----------- ##

/* confdefs.h */
#define PACKAGE_NAME "OpenJDK"
#define PACKAGE_TARNAME "openjdk"
#define PACKAGE_VERSION "openjdk"
#define PACKAGE_STRING "OpenJDK openjdk"
#define PACKAGE_BUGREPORT "build-dev@openjdk.java.net"
#define PACKAGE_URL "http://openjdk.java.net"

configure: exit 1
